<?xml version="1.0" encoding="UTF-8"?>
<testsuite name="OrderItemDao 은(는)" tests="1" skipped="0" failures="0" errors="0" timestamp="2023-05-26T13:28:32" hostname="shinDui-MacBookPro.local" time="0.012">
  <properties/>
  <testcase name="주문 상품들을 모두 저장한다" classname="cart.order.infrastructure.persistence.dao.OrderItemDaoTest" time="0.012"/>
  <system-out><![CDATA[2023-05-26 22:28:32.680  INFO 16590 --- [    Test worker] o.s.b.t.a.j.JdbcTestContextBootstrapper  : Neither @ContextConfiguration nor @ContextHierarchy found for test class [cart.order.infrastructure.persistence.dao.OrderItemDaoTest], using SpringBootContextLoader
2023-05-26 22:28:32.681  INFO 16590 --- [    Test worker] o.s.t.c.support.AbstractContextLoader    : Could not detect default resource locations for test class [cart.order.infrastructure.persistence.dao.OrderItemDaoTest]: no resource found for suffixes {-context.xml, Context.groovy}.
2023-05-26 22:28:32.681  INFO 16590 --- [    Test worker] t.c.s.AnnotationConfigContextLoaderUtils : Could not detect default configuration classes for test class [cart.order.infrastructure.persistence.dao.OrderItemDaoTest]: OrderItemDaoTest does not declare any static, non-private, non-final, nested classes annotated with @Configuration.
2023-05-26 22:28:32.683  INFO 16590 --- [    Test worker] .b.t.c.SpringBootTestContextBootstrapper : Found @SpringBootConfiguration cart.JwpCartApplication for test class cart.order.infrastructure.persistence.dao.OrderItemDaoTest
2023-05-26 22:28:32.684  INFO 16590 --- [    Test worker] o.s.b.t.a.j.JdbcTestContextBootstrapper  : Loaded default TestExecutionListener class names from location [META-INF/spring.factories]: [org.springframework.boot.test.autoconfigure.restdocs.RestDocsTestExecutionListener, org.springframework.boot.test.autoconfigure.web.client.MockRestServiceServerResetTestExecutionListener, org.springframework.boot.test.autoconfigure.web.servlet.MockMvcPrintOnlyOnFailureTestExecutionListener, org.springframework.boot.test.autoconfigure.web.servlet.WebDriverTestExecutionListener, org.springframework.boot.test.autoconfigure.webservices.client.MockWebServiceServerTestExecutionListener, org.springframework.boot.test.mock.mockito.MockitoTestExecutionListener, org.springframework.boot.test.mock.mockito.ResetMocksTestExecutionListener, org.springframework.test.context.web.ServletTestExecutionListener, org.springframework.test.context.support.DirtiesContextBeforeModesTestExecutionListener, org.springframework.test.context.event.ApplicationEventsTestExecutionListener, org.springframework.test.context.support.DependencyInjectionTestExecutionListener, org.springframework.test.context.support.DirtiesContextTestExecutionListener, org.springframework.test.context.transaction.TransactionalTestExecutionListener, org.springframework.test.context.jdbc.SqlScriptsTestExecutionListener, org.springframework.test.context.event.EventPublishingTestExecutionListener]
2023-05-26 22:28:32.684  INFO 16590 --- [    Test worker] o.s.b.t.a.j.JdbcTestContextBootstrapper  : Using TestExecutionListeners: [org.springframework.test.context.web.ServletTestExecutionListener@65302a4d, org.springframework.test.context.support.DirtiesContextBeforeModesTestExecutionListener@374e5776, org.springframework.test.context.event.ApplicationEventsTestExecutionListener@72e787ef, org.springframework.boot.test.mock.mockito.MockitoTestExecutionListener@7dfee445, org.springframework.boot.test.autoconfigure.SpringBootDependencyInjectionTestExecutionListener@19f8dbf5, org.springframework.test.context.support.DirtiesContextTestExecutionListener@5c48da5b, org.springframework.test.context.transaction.TransactionalTestExecutionListener@12dee6c2, org.springframework.test.context.jdbc.SqlScriptsTestExecutionListener@1808e410, org.springframework.test.context.event.EventPublishingTestExecutionListener@4770a397, org.springframework.boot.test.autoconfigure.restdocs.RestDocsTestExecutionListener@5d702320, org.springframework.boot.test.autoconfigure.web.client.MockRestServiceServerResetTestExecutionListener@38fd36ba, org.springframework.boot.test.autoconfigure.web.servlet.MockMvcPrintOnlyOnFailureTestExecutionListener@670a7dd1, org.springframework.boot.test.autoconfigure.web.servlet.WebDriverTestExecutionListener@252416bc, org.springframework.boot.test.autoconfigure.webservices.client.MockWebServiceServerTestExecutionListener@7991481b, org.springframework.boot.test.mock.mockito.ResetMocksTestExecutionListener@2808e975]
2023-05-26 22:28:32.687  INFO 16590 --- [    Test worker] o.s.t.c.transaction.TransactionContext   : Began transaction (1) for test context [DefaultTestContext@23d6919a testClass = OrderItemDaoTest, testInstance = cart.order.infrastructure.persistence.dao.OrderItemDaoTest@3f7d7190, testMethod = 주문_상품들을_모두_저장한다@OrderItemDaoTest, testException = [null], mergedContextConfiguration = [MergedContextConfiguration@2c8e82b1 testClass = OrderItemDaoTest, locations = '{}', classes = '{class cart.JwpCartApplication}', contextInitializerClasses = '[]', activeProfiles = '{}', propertySourceLocations = '{}', propertySourceProperties = '{org.springframework.boot.test.autoconfigure.jdbc.JdbcTestContextBootstrapper=true}', contextCustomizers = set[org.springframework.boot.test.autoconfigure.OverrideAutoConfigurationContextCustomizerFactory$DisableAutoConfigurationContextCustomizer@36c84ea0, org.springframework.boot.test.autoconfigure.actuate.metrics.MetricsExportContextCustomizerFactory$DisableMetricExportContextCustomizer@40e5ddc3, org.springframework.boot.test.autoconfigure.filter.TypeExcludeFiltersContextCustomizer@e5614164, org.springframework.boot.test.autoconfigure.properties.PropertyMappingContextCustomizer@7f15fbac, org.springframework.boot.test.autoconfigure.web.servlet.WebDriverContextCustomizerFactory$Customizer@3c1180b5, [ImportsContextCustomizer@2e79910c key = [org.springframework.boot.autoconfigure.cache.CacheAutoConfiguration, org.springframework.boot.autoconfigure.flyway.FlywayAutoConfiguration, org.springframework.boot.autoconfigure.jdbc.DataSourceAutoConfiguration, org.springframework.boot.autoconfigure.jdbc.DataSourceTransactionManagerAutoConfiguration, org.springframework.boot.autoconfigure.jdbc.JdbcTemplateAutoConfiguration, org.springframework.boot.autoconfigure.liquibase.LiquibaseAutoConfiguration, org.springframework.boot.autoconfigure.sql.init.SqlInitializationAutoConfiguration, org.springframework.boot.autoconfigure.transaction.TransactionAutoConfiguration, org.springframework.boot.test.autoconfigure.jdbc.TestDatabaseAutoConfiguration]], org.springframework.boot.test.context.filter.ExcludeFilterContextCustomizer@32bad1b6, org.springframework.boot.test.json.DuplicateJsonObjectContextCustomizerFactory$DuplicateJsonObjectContextCustomizer@73c7fab6, org.springframework.boot.test.mock.mockito.MockitoContextCustomizer@0, org.springframework.boot.test.context.SpringBootTestArgs@1, org.springframework.boot.test.context.SpringBootTestWebEnvironment@0], contextLoader = 'org.springframework.boot.test.context.SpringBootContextLoader', parent = [null]], attributes = map['org.springframework.test.context.event.ApplicationEventsTestExecutionListener.recordApplicationEvents' -> false]]; transaction manager [org.springframework.jdbc.support.JdbcTransactionManager@2093d087]; rollback [true]
2023-05-26 22:28:32.698  INFO 16590 --- [    Test worker] o.s.t.c.transaction.TransactionContext   : Rolled back transaction for test: [DefaultTestContext@23d6919a testClass = OrderItemDaoTest, testInstance = cart.order.infrastructure.persistence.dao.OrderItemDaoTest@3f7d7190, testMethod = 주문_상품들을_모두_저장한다@OrderItemDaoTest, testException = [null], mergedContextConfiguration = [MergedContextConfiguration@2c8e82b1 testClass = OrderItemDaoTest, locations = '{}', classes = '{class cart.JwpCartApplication}', contextInitializerClasses = '[]', activeProfiles = '{}', propertySourceLocations = '{}', propertySourceProperties = '{org.springframework.boot.test.autoconfigure.jdbc.JdbcTestContextBootstrapper=true}', contextCustomizers = set[org.springframework.boot.test.autoconfigure.OverrideAutoConfigurationContextCustomizerFactory$DisableAutoConfigurationContextCustomizer@36c84ea0, org.springframework.boot.test.autoconfigure.actuate.metrics.MetricsExportContextCustomizerFactory$DisableMetricExportContextCustomizer@40e5ddc3, org.springframework.boot.test.autoconfigure.filter.TypeExcludeFiltersContextCustomizer@e5614164, org.springframework.boot.test.autoconfigure.properties.PropertyMappingContextCustomizer@7f15fbac, org.springframework.boot.test.autoconfigure.web.servlet.WebDriverContextCustomizerFactory$Customizer@3c1180b5, [ImportsContextCustomizer@2e79910c key = [org.springframework.boot.autoconfigure.cache.CacheAutoConfiguration, org.springframework.boot.autoconfigure.flyway.FlywayAutoConfiguration, org.springframework.boot.autoconfigure.jdbc.DataSourceAutoConfiguration, org.springframework.boot.autoconfigure.jdbc.DataSourceTransactionManagerAutoConfiguration, org.springframework.boot.autoconfigure.jdbc.JdbcTemplateAutoConfiguration, org.springframework.boot.autoconfigure.liquibase.LiquibaseAutoConfiguration, org.springframework.boot.autoconfigure.sql.init.SqlInitializationAutoConfiguration, org.springframework.boot.autoconfigure.transaction.TransactionAutoConfiguration, org.springframework.boot.test.autoconfigure.jdbc.TestDatabaseAutoConfiguration]], org.springframework.boot.test.context.filter.ExcludeFilterContextCustomizer@32bad1b6, org.springframework.boot.test.json.DuplicateJsonObjectContextCustomizerFactory$DuplicateJsonObjectContextCustomizer@73c7fab6, org.springframework.boot.test.mock.mockito.MockitoContextCustomizer@0, org.springframework.boot.test.context.SpringBootTestArgs@1, org.springframework.boot.test.context.SpringBootTestWebEnvironment@0], contextLoader = 'org.springframework.boot.test.context.SpringBootContextLoader', parent = [null]], attributes = map['org.springframework.test.context.event.ApplicationEventsTestExecutionListener.recordApplicationEvents' -> false]]
]]></system-out>
  <system-err><![CDATA[]]></system-err>
</testsuite>
