<?xml version="1.0" encoding="UTF-8"?>
<testsuite name="cart.integration.CartItemIntegrationTest" tests="7" skipped="0" failures="0" errors="0" timestamp="2023-05-26T13:28:35" hostname="shinDui-MacBookPro.local" time="1.985">
  <properties/>
  <testcase name="잘못된 사용자 정보로 장바구니에 아이템을 추가 요청시 실패한다." classname="cart.integration.CartItemIntegrationTest" time="0.296"/>
  <testcase name="장바구니에 담긴 아이템을 삭제한다." classname="cart.integration.CartItemIntegrationTest" time="0.303"/>
  <testcase name="다른 사용자가 담은 장바구니 아이템의 수량을 변경하려 하면 실패한다." classname="cart.integration.CartItemIntegrationTest" time="0.279"/>
  <testcase name="장바구니에 아이템을 추가한다." classname="cart.integration.CartItemIntegrationTest" time="0.259"/>
  <testcase name="장바구니에 담긴 아이템의 수량을 변경한다." classname="cart.integration.CartItemIntegrationTest" time="0.289"/>
  <testcase name="사용자가 담은 장바구니 아이템을 조회한다." classname="cart.integration.CartItemIntegrationTest" time="0.287"/>
  <testcase name="장바구니에 담긴 아이템의 수량을 0으로 변경하면, 장바구니에서 아이템이 삭제된다." classname="cart.integration.CartItemIntegrationTest" time="0.269"/>
  <system-out><![CDATA[2023-05-26 22:28:35.177  INFO 16590 --- [    Test worker] .b.t.c.SpringBootTestContextBootstrapper : Neither @ContextConfiguration nor @ContextHierarchy found for test class [cart.integration.CartItemIntegrationTest], using SpringBootContextLoader
2023-05-26 22:28:35.177  INFO 16590 --- [    Test worker] o.s.t.c.support.AbstractContextLoader    : Could not detect default resource locations for test class [cart.integration.CartItemIntegrationTest]: no resource found for suffixes {-context.xml, Context.groovy}.
2023-05-26 22:28:35.177  INFO 16590 --- [    Test worker] t.c.s.AnnotationConfigContextLoaderUtils : Could not detect default configuration classes for test class [cart.integration.CartItemIntegrationTest]: CartItemIntegrationTest does not declare any static, non-private, non-final, nested classes annotated with @Configuration.
2023-05-26 22:28:35.178  INFO 16590 --- [    Test worker] .b.t.c.SpringBootTestContextBootstrapper : Found @SpringBootConfiguration cart.JwpCartApplication for test class cart.integration.CartItemIntegrationTest
2023-05-26 22:28:35.178  INFO 16590 --- [    Test worker] .b.t.c.SpringBootTestContextBootstrapper : Loaded default TestExecutionListener class names from location [META-INF/spring.factories]: [org.springframework.boot.test.autoconfigure.restdocs.RestDocsTestExecutionListener, org.springframework.boot.test.autoconfigure.web.client.MockRestServiceServerResetTestExecutionListener, org.springframework.boot.test.autoconfigure.web.servlet.MockMvcPrintOnlyOnFailureTestExecutionListener, org.springframework.boot.test.autoconfigure.web.servlet.WebDriverTestExecutionListener, org.springframework.boot.test.autoconfigure.webservices.client.MockWebServiceServerTestExecutionListener, org.springframework.boot.test.mock.mockito.MockitoTestExecutionListener, org.springframework.boot.test.mock.mockito.ResetMocksTestExecutionListener, org.springframework.test.context.web.ServletTestExecutionListener, org.springframework.test.context.support.DirtiesContextBeforeModesTestExecutionListener, org.springframework.test.context.event.ApplicationEventsTestExecutionListener, org.springframework.test.context.support.DependencyInjectionTestExecutionListener, org.springframework.test.context.support.DirtiesContextTestExecutionListener, org.springframework.test.context.transaction.TransactionalTestExecutionListener, org.springframework.test.context.jdbc.SqlScriptsTestExecutionListener, org.springframework.test.context.event.EventPublishingTestExecutionListener]
2023-05-26 22:28:35.178  INFO 16590 --- [    Test worker] .b.t.c.SpringBootTestContextBootstrapper : Using TestExecutionListeners: [org.springframework.test.context.web.ServletTestExecutionListener@2a63d4ef, org.springframework.test.context.support.DirtiesContextBeforeModesTestExecutionListener@280a50, org.springframework.test.context.event.ApplicationEventsTestExecutionListener@51150653, org.springframework.boot.test.mock.mockito.MockitoTestExecutionListener@4bfa6a7f, org.springframework.boot.test.autoconfigure.SpringBootDependencyInjectionTestExecutionListener@7f8a1b43, org.springframework.test.context.support.DirtiesContextTestExecutionListener@3f30e468, org.springframework.test.context.transaction.TransactionalTestExecutionListener@46ee4a43, org.springframework.test.context.jdbc.SqlScriptsTestExecutionListener@5e5f7973, org.springframework.test.context.event.EventPublishingTestExecutionListener@712021f8, org.springframework.boot.test.autoconfigure.restdocs.RestDocsTestExecutionListener@490b9810, org.springframework.boot.test.autoconfigure.web.client.MockRestServiceServerResetTestExecutionListener@7d837f20, org.springframework.boot.test.autoconfigure.web.servlet.MockMvcPrintOnlyOnFailureTestExecutionListener@58b20502, org.springframework.boot.test.autoconfigure.web.servlet.WebDriverTestExecutionListener@28edd00d, org.springframework.boot.test.autoconfigure.webservices.client.MockWebServiceServerTestExecutionListener@3d331618, org.springframework.boot.test.mock.mockito.ResetMocksTestExecutionListener@5b2f04e1]
2023-05-26 22:28:35.181  INFO 16590 --- [    Test worker] o.apache.catalina.core.StandardService   : Stopping service [Tomcat]
2023-05-26 22:28:35.181  INFO 16590 --- [    Test worker] o.a.c.c.C.[Tomcat].[localhost].[/]       : Destroying Spring FrameworkServlet 'dispatcherServlet'
2023-05-26 22:28:35.184  INFO 16590 --- [    Test worker] com.zaxxer.hikari.HikariDataSource       : HikariPool-4 - Shutdown initiated...
2023-05-26 22:28:35.186  INFO 16590 --- [    Test worker] com.zaxxer.hikari.HikariDataSource       : HikariPool-4 - Shutdown completed.

  .   ____          _            __ _ _
 /\\ / ___'_ __ _ _(_)_ __  __ _ \ \ \ \
( ( )\___ | '_ | '_| | '_ \/ _` | \ \ \ \
 \\/  ___)| |_)| | | | | || (_| |  ) ) ) )
  '  |____| .__|_| |_|_| |_\__, | / / / /
 =========|_|==============|___/=/_/_/_/
 :: Spring Boot ::                (v2.7.9)

2023-05-26 22:28:35.195  INFO 16590 --- [    Test worker] c.integration.CartItemIntegrationTest    : Starting CartItemIntegrationTest using Java 11.0.17 on shinDui-MacBookPro.local with PID 16590 (started by shin in /Users/shin/Desktop/woowacourse/lv2/jwp-shopping-order)
2023-05-26 22:28:35.195  INFO 16590 --- [    Test worker] c.integration.CartItemIntegrationTest    : No active profile set, falling back to 1 default profile: "default"
2023-05-26 22:28:35.278  INFO 16590 --- [    Test worker] o.s.b.w.embedded.tomcat.TomcatWebServer  : Tomcat initialized with port(s): 0 (http)
2023-05-26 22:28:35.278  INFO 16590 --- [    Test worker] o.apache.catalina.core.StandardService   : Starting service [Tomcat]
2023-05-26 22:28:35.278  INFO 16590 --- [    Test worker] org.apache.catalina.core.StandardEngine  : Starting Servlet engine: [Apache Tomcat/9.0.71]
2023-05-26 22:28:35.285  INFO 16590 --- [    Test worker] o.a.c.c.C.[Tomcat].[localhost].[/]       : Initializing Spring embedded WebApplicationContext
2023-05-26 22:28:35.285  INFO 16590 --- [    Test worker] w.s.c.ServletWebServerApplicationContext : Root WebApplicationContext: initialization completed in 89 ms
2023-05-26 22:28:35.304  INFO 16590 --- [    Test worker] com.zaxxer.hikari.HikariDataSource       : HikariPool-5 - Starting...
2023-05-26 22:28:35.305  INFO 16590 --- [    Test worker] com.zaxxer.hikari.HikariDataSource       : HikariPool-5 - Start completed.
2023-05-26 22:28:35.418  INFO 16590 --- [    Test worker] o.s.b.w.embedded.tomcat.TomcatWebServer  : Tomcat started on port(s): 51924 (http) with context path ''
2023-05-26 22:28:35.419  INFO 16590 --- [    Test worker] c.integration.CartItemIntegrationTest    : Started CartItemIntegrationTest in 0.232 seconds (JVM running for 4.567)
2023-05-26 22:28:35.426  INFO 16590 --- [o-auto-5-exec-1] o.a.c.c.C.[Tomcat].[localhost].[/]       : Initializing Spring DispatcherServlet 'dispatcherServlet'
2023-05-26 22:28:35.427  INFO 16590 --- [o-auto-5-exec-1] o.s.web.servlet.DispatcherServlet        : Initializing Servlet 'dispatcherServlet'
2023-05-26 22:28:35.427  INFO 16590 --- [o-auto-5-exec-1] o.s.web.servlet.DispatcherServlet        : Completed initialization in 0 ms
Request method:	POST
Request URI:	http://localhost:51924/cart-items
Proxy:			<none>
Request params:	<none>
Query params:	<none>
Form params:	<none>
Path params:	<none>
Headers:		Authorization=Basic YUBhLmNvbToxMjM0YXNkZg==
				Accept=*/*
				Content-Type=application/json
Cookies:		<none>
Multiparts:		<none>
Body:
{
    "productId": 4
}
2023-05-26 22:28:35.463  WARN 16590 --- [o-auto-5-exec-3] c.c.e.ControllerExceptionHandler         : error = ExceptionResponse{code=300, message='인증정보가 잘못되었습니다.'}
HTTP/1.1 401 
Vary: Origin
Vary: Access-Control-Request-Method
Vary: Access-Control-Request-Headers
Content-Type: application/json
Transfer-Encoding: chunked
Date: Fri, 26 May 2023 13:28:34 GMT
Keep-Alive: timeout=60
Connection: keep-alive

{
    "code": 300,
    "message": "인증정보가 잘못되었습니다."
}
2023-05-26 22:28:35.478  INFO 16590 --- [    Test worker] o.apache.catalina.core.StandardService   : Stopping service [Tomcat]
2023-05-26 22:28:35.478  INFO 16590 --- [    Test worker] o.a.c.c.C.[Tomcat].[localhost].[/]       : Destroying Spring FrameworkServlet 'dispatcherServlet'
2023-05-26 22:28:35.480  INFO 16590 --- [    Test worker] com.zaxxer.hikari.HikariDataSource       : HikariPool-5 - Shutdown initiated...
2023-05-26 22:28:35.480  INFO 16590 --- [    Test worker] com.zaxxer.hikari.HikariDataSource       : HikariPool-5 - Shutdown completed.

  .   ____          _            __ _ _
 /\\ / ___'_ __ _ _(_)_ __  __ _ \ \ \ \
( ( )\___ | '_ | '_| | '_ \/ _` | \ \ \ \
 \\/  ___)| |_)| | | | | || (_| |  ) ) ) )
  '  |____| .__|_| |_|_| |_\__, | / / / /
 =========|_|==============|___/=/_/_/_/
 :: Spring Boot ::                (v2.7.9)

2023-05-26 22:28:35.489  INFO 16590 --- [    Test worker] c.integration.CartItemIntegrationTest    : Starting CartItemIntegrationTest using Java 11.0.17 on shinDui-MacBookPro.local with PID 16590 (started by shin in /Users/shin/Desktop/woowacourse/lv2/jwp-shopping-order)
2023-05-26 22:28:35.489  INFO 16590 --- [    Test worker] c.integration.CartItemIntegrationTest    : No active profile set, falling back to 1 default profile: "default"
2023-05-26 22:28:35.576  INFO 16590 --- [    Test worker] o.s.b.w.embedded.tomcat.TomcatWebServer  : Tomcat initialized with port(s): 0 (http)
2023-05-26 22:28:35.576  INFO 16590 --- [    Test worker] o.apache.catalina.core.StandardService   : Starting service [Tomcat]
2023-05-26 22:28:35.576  INFO 16590 --- [    Test worker] org.apache.catalina.core.StandardEngine  : Starting Servlet engine: [Apache Tomcat/9.0.71]
2023-05-26 22:28:35.583  INFO 16590 --- [    Test worker] o.a.c.c.C.[Tomcat].[localhost].[/]       : Initializing Spring embedded WebApplicationContext
2023-05-26 22:28:35.583  INFO 16590 --- [    Test worker] w.s.c.ServletWebServerApplicationContext : Root WebApplicationContext: initialization completed in 93 ms
2023-05-26 22:28:35.602  INFO 16590 --- [    Test worker] com.zaxxer.hikari.HikariDataSource       : HikariPool-6 - Starting...
2023-05-26 22:28:35.603  INFO 16590 --- [    Test worker] com.zaxxer.hikari.HikariDataSource       : HikariPool-6 - Start completed.
2023-05-26 22:28:35.714  INFO 16590 --- [    Test worker] o.s.b.w.embedded.tomcat.TomcatWebServer  : Tomcat started on port(s): 51929 (http) with context path ''
2023-05-26 22:28:35.715  INFO 16590 --- [    Test worker] c.integration.CartItemIntegrationTest    : Started CartItemIntegrationTest in 0.234 seconds (JVM running for 4.863)
2023-05-26 22:28:35.722  INFO 16590 --- [o-auto-6-exec-1] o.a.c.c.C.[Tomcat].[localhost].[/]       : Initializing Spring DispatcherServlet 'dispatcherServlet'
2023-05-26 22:28:35.722  INFO 16590 --- [o-auto-6-exec-1] o.s.web.servlet.DispatcherServlet        : Initializing Servlet 'dispatcherServlet'
2023-05-26 22:28:35.722  INFO 16590 --- [o-auto-6-exec-1] o.s.web.servlet.DispatcherServlet        : Completed initialization in 0 ms
Request method:	POST
Request URI:	http://localhost:51929/cart-items
Proxy:			<none>
Request params:	<none>
Query params:	<none>
Form params:	<none>
Path params:	<none>
Headers:		Authorization=Basic YUBhLmNvbToxMjM0
				Accept=*/*
				Content-Type=application/json
Cookies:		<none>
Multiparts:		<none>
Body:
{
    "productId": 4
}
HTTP/1.1 201 
Vary: Origin
Vary: Access-Control-Request-Method
Vary: Access-Control-Request-Headers
Location: /cart-items/4
Content-Length: 0
Date: Fri, 26 May 2023 13:28:35 GMT
Keep-Alive: timeout=60
Connection: keep-alive
Request method:	DELETE
Request URI:	http://localhost:51929/cart-items/4
Proxy:			<none>
Request params:	<none>
Query params:	<none>
Form params:	<none>
Path params:	<none>
Headers:		Authorization=Basic YUBhLmNvbToxMjM0
				Accept=*/*
				Content-Type=application/json
Cookies:		<none>
Multiparts:		<none>
Body:			<none>
HTTP/1.1 204 
Vary: Origin
Vary: Access-Control-Request-Method
Vary: Access-Control-Request-Headers
Date: Fri, 26 May 2023 13:28:35 GMT
Keep-Alive: timeout=60
Connection: keep-alive
Request method:	GET
Request URI:	http://localhost:51929/cart-items
Proxy:			<none>
Request params:	<none>
Query params:	<none>
Form params:	<none>
Path params:	<none>
Headers:		Authorization=Basic YUBhLmNvbToxMjM0
				Accept=*/*
				Content-Type=application/json
Cookies:		<none>
Multiparts:		<none>
Body:			<none>
HTTP/1.1 200 
Vary: Origin
Vary: Access-Control-Request-Method
Vary: Access-Control-Request-Headers
Content-Type: application/json
Transfer-Encoding: chunked
Date: Fri, 26 May 2023 13:28:35 GMT
Keep-Alive: timeout=60
Connection: keep-alive

[
    {
        "id": 1,
        "quantity": 2,
        "product": {
            "id": 1,
            "name": "치킨",
            "price": 10000,
            "imageUrl": "https://images.unsplash.com/photo-1626082927389-6cd097cdc6ec?ixlib=rb-4.0.3&ixid=MnwxMjA3fDB8MHxwaG90by1wYWdlfHx8fGVufDB8fHx8&auto=format&fit=crop&w=2370&q=80"
        }
    },
    {
        "id": 2,
        "quantity": 4,
        "product": {
            "id": 2,
            "name": "샐러드",
            "price": 20000,
            "imageUrl": "https://images.unsplash.com/photo-1512621776951-a57141f2eefd?ixlib=rb-4.0.3&ixid=MnwxMjA3fDB8MHxwaG90by1wYWdlfHx8fGVufDB8fHx8&auto=format&fit=crop&w=2370&q=80"
        }
    }
]
2023-05-26 22:28:35.781  INFO 16590 --- [    Test worker] o.apache.catalina.core.StandardService   : Stopping service [Tomcat]
2023-05-26 22:28:35.781  INFO 16590 --- [    Test worker] o.a.c.c.C.[Tomcat].[localhost].[/]       : Destroying Spring FrameworkServlet 'dispatcherServlet'
2023-05-26 22:28:35.783  INFO 16590 --- [    Test worker] com.zaxxer.hikari.HikariDataSource       : HikariPool-6 - Shutdown initiated...
2023-05-26 22:28:35.783  INFO 16590 --- [    Test worker] com.zaxxer.hikari.HikariDataSource       : HikariPool-6 - Shutdown completed.

  .   ____          _            __ _ _
 /\\ / ___'_ __ _ _(_)_ __  __ _ \ \ \ \
( ( )\___ | '_ | '_| | '_ \/ _` | \ \ \ \
 \\/  ___)| |_)| | | | | || (_| |  ) ) ) )
  '  |____| .__|_| |_|_| |_\__, | / / / /
 =========|_|==============|___/=/_/_/_/
 :: Spring Boot ::                (v2.7.9)

2023-05-26 22:28:35.791  INFO 16590 --- [    Test worker] c.integration.CartItemIntegrationTest    : Starting CartItemIntegrationTest using Java 11.0.17 on shinDui-MacBookPro.local with PID 16590 (started by shin in /Users/shin/Desktop/woowacourse/lv2/jwp-shopping-order)
2023-05-26 22:28:35.791  INFO 16590 --- [    Test worker] c.integration.CartItemIntegrationTest    : No active profile set, falling back to 1 default profile: "default"
2023-05-26 22:28:35.873  INFO 16590 --- [    Test worker] o.s.b.w.embedded.tomcat.TomcatWebServer  : Tomcat initialized with port(s): 0 (http)
2023-05-26 22:28:35.873  INFO 16590 --- [    Test worker] o.apache.catalina.core.StandardService   : Starting service [Tomcat]
2023-05-26 22:28:35.874  INFO 16590 --- [    Test worker] org.apache.catalina.core.StandardEngine  : Starting Servlet engine: [Apache Tomcat/9.0.71]
2023-05-26 22:28:35.880  INFO 16590 --- [    Test worker] o.a.c.c.C.[Tomcat].[localhost].[/]       : Initializing Spring embedded WebApplicationContext
2023-05-26 22:28:35.880  INFO 16590 --- [    Test worker] w.s.c.ServletWebServerApplicationContext : Root WebApplicationContext: initialization completed in 88 ms
2023-05-26 22:28:35.899  INFO 16590 --- [    Test worker] com.zaxxer.hikari.HikariDataSource       : HikariPool-7 - Starting...
2023-05-26 22:28:35.900  INFO 16590 --- [    Test worker] com.zaxxer.hikari.HikariDataSource       : HikariPool-7 - Start completed.
2023-05-26 22:28:36.008  INFO 16590 --- [    Test worker] o.s.b.w.embedded.tomcat.TomcatWebServer  : Tomcat started on port(s): 51936 (http) with context path ''
2023-05-26 22:28:36.009  INFO 16590 --- [    Test worker] c.integration.CartItemIntegrationTest    : Started CartItemIntegrationTest in 0.225 seconds (JVM running for 5.157)
2023-05-26 22:28:36.016  INFO 16590 --- [o-auto-7-exec-1] o.a.c.c.C.[Tomcat].[localhost].[/]       : Initializing Spring DispatcherServlet 'dispatcherServlet'
2023-05-26 22:28:36.016  INFO 16590 --- [o-auto-7-exec-1] o.s.web.servlet.DispatcherServlet        : Initializing Servlet 'dispatcherServlet'
2023-05-26 22:28:36.016  INFO 16590 --- [o-auto-7-exec-1] o.s.web.servlet.DispatcherServlet        : Completed initialization in 0 ms
Request method:	POST
Request URI:	http://localhost:51936/cart-items
Proxy:			<none>
Request params:	<none>
Query params:	<none>
Form params:	<none>
Path params:	<none>
Headers:		Authorization=Basic YUBhLmNvbToxMjM0
				Accept=*/*
				Content-Type=application/json
Cookies:		<none>
Multiparts:		<none>
Body:
{
    "productId": 4
}
HTTP/1.1 201 
Vary: Origin
Vary: Access-Control-Request-Method
Vary: Access-Control-Request-Headers
Location: /cart-items/4
Content-Length: 0
Date: Fri, 26 May 2023 13:28:35 GMT
Keep-Alive: timeout=60
Connection: keep-alive
Request method:	PATCH
Request URI:	http://localhost:51936/cart-items/4
Proxy:			<none>
Request params:	<none>
Query params:	<none>
Form params:	<none>
Path params:	<none>
Headers:		Authorization=Basic YkBiLmNvbToxMjM0
				Accept=*/*
				Content-Type=application/json
Cookies:		<none>
Multiparts:		<none>
Body:
{
    "quantity": 10
}
2023-05-26 22:28:36.054  WARN 16590 --- [o-auto-7-exec-4] c.c.e.ControllerExceptionHandler         : error = ExceptionResponse{code=101, message='상품을 수정할 권한이 없습니다.'}
HTTP/1.1 403 
Vary: Origin
Vary: Access-Control-Request-Method
Vary: Access-Control-Request-Headers
Content-Type: application/json
Transfer-Encoding: chunked
Date: Fri, 26 May 2023 13:28:35 GMT
Keep-Alive: timeout=60
Connection: keep-alive

{
    "code": 101,
    "message": "상품을 수정할 권한이 없습니다."
}
2023-05-26 22:28:36.060  INFO 16590 --- [    Test worker] o.apache.catalina.core.StandardService   : Stopping service [Tomcat]
2023-05-26 22:28:36.060  INFO 16590 --- [    Test worker] o.a.c.c.C.[Tomcat].[localhost].[/]       : Destroying Spring FrameworkServlet 'dispatcherServlet'
2023-05-26 22:28:36.062  INFO 16590 --- [    Test worker] com.zaxxer.hikari.HikariDataSource       : HikariPool-7 - Shutdown initiated...
2023-05-26 22:28:36.063  INFO 16590 --- [    Test worker] com.zaxxer.hikari.HikariDataSource       : HikariPool-7 - Shutdown completed.

  .   ____          _            __ _ _
 /\\ / ___'_ __ _ _(_)_ __  __ _ \ \ \ \
( ( )\___ | '_ | '_| | '_ \/ _` | \ \ \ \
 \\/  ___)| |_)| | | | | || (_| |  ) ) ) )
  '  |____| .__|_| |_|_| |_\__, | / / / /
 =========|_|==============|___/=/_/_/_/
 :: Spring Boot ::                (v2.7.9)

2023-05-26 22:28:36.071  INFO 16590 --- [    Test worker] c.integration.CartItemIntegrationTest    : Starting CartItemIntegrationTest using Java 11.0.17 on shinDui-MacBookPro.local with PID 16590 (started by shin in /Users/shin/Desktop/woowacourse/lv2/jwp-shopping-order)
2023-05-26 22:28:36.071  INFO 16590 --- [    Test worker] c.integration.CartItemIntegrationTest    : No active profile set, falling back to 1 default profile: "default"
2023-05-26 22:28:36.151  INFO 16590 --- [    Test worker] o.s.b.w.embedded.tomcat.TomcatWebServer  : Tomcat initialized with port(s): 0 (http)
2023-05-26 22:28:36.151  INFO 16590 --- [    Test worker] o.apache.catalina.core.StandardService   : Starting service [Tomcat]
2023-05-26 22:28:36.152  INFO 16590 --- [    Test worker] org.apache.catalina.core.StandardEngine  : Starting Servlet engine: [Apache Tomcat/9.0.71]
2023-05-26 22:28:36.157  INFO 16590 --- [    Test worker] o.a.c.c.C.[Tomcat].[localhost].[/]       : Initializing Spring embedded WebApplicationContext
2023-05-26 22:28:36.157  INFO 16590 --- [    Test worker] w.s.c.ServletWebServerApplicationContext : Root WebApplicationContext: initialization completed in 86 ms
2023-05-26 22:28:36.175  INFO 16590 --- [    Test worker] com.zaxxer.hikari.HikariDataSource       : HikariPool-8 - Starting...
2023-05-26 22:28:36.176  INFO 16590 --- [    Test worker] com.zaxxer.hikari.HikariDataSource       : HikariPool-8 - Start completed.
2023-05-26 22:28:36.290  INFO 16590 --- [    Test worker] o.s.b.w.embedded.tomcat.TomcatWebServer  : Tomcat started on port(s): 51942 (http) with context path ''
2023-05-26 22:28:36.292  INFO 16590 --- [    Test worker] c.integration.CartItemIntegrationTest    : Started CartItemIntegrationTest in 0.228 seconds (JVM running for 5.439)
2023-05-26 22:28:36.298  INFO 16590 --- [o-auto-8-exec-1] o.a.c.c.C.[Tomcat].[localhost].[/]       : Initializing Spring DispatcherServlet 'dispatcherServlet'
2023-05-26 22:28:36.299  INFO 16590 --- [o-auto-8-exec-1] o.s.web.servlet.DispatcherServlet        : Initializing Servlet 'dispatcherServlet'
2023-05-26 22:28:36.299  INFO 16590 --- [o-auto-8-exec-1] o.s.web.servlet.DispatcherServlet        : Completed initialization in 0 ms
Request method:	POST
Request URI:	http://localhost:51942/cart-items
Proxy:			<none>
Request params:	<none>
Query params:	<none>
Form params:	<none>
Path params:	<none>
Headers:		Authorization=Basic YUBhLmNvbToxMjM0
				Accept=*/*
				Content-Type=application/json
Cookies:		<none>
Multiparts:		<none>
Body:
{
    "productId": 4
}
HTTP/1.1 201 
Vary: Origin
Vary: Access-Control-Request-Method
Vary: Access-Control-Request-Headers
Location: /cart-items/4
Content-Length: 0
Date: Fri, 26 May 2023 13:28:35 GMT
Keep-Alive: timeout=60
Connection: keep-alive
2023-05-26 22:28:36.320  INFO 16590 --- [    Test worker] o.apache.catalina.core.StandardService   : Stopping service [Tomcat]
2023-05-26 22:28:36.320  INFO 16590 --- [    Test worker] o.a.c.c.C.[Tomcat].[localhost].[/]       : Destroying Spring FrameworkServlet 'dispatcherServlet'
2023-05-26 22:28:36.322  INFO 16590 --- [    Test worker] com.zaxxer.hikari.HikariDataSource       : HikariPool-8 - Shutdown initiated...
2023-05-26 22:28:36.323  INFO 16590 --- [    Test worker] com.zaxxer.hikari.HikariDataSource       : HikariPool-8 - Shutdown completed.

  .   ____          _            __ _ _
 /\\ / ___'_ __ _ _(_)_ __  __ _ \ \ \ \
( ( )\___ | '_ | '_| | '_ \/ _` | \ \ \ \
 \\/  ___)| |_)| | | | | || (_| |  ) ) ) )
  '  |____| .__|_| |_|_| |_\__, | / / / /
 =========|_|==============|___/=/_/_/_/
 :: Spring Boot ::                (v2.7.9)

2023-05-26 22:28:36.330  INFO 16590 --- [    Test worker] c.integration.CartItemIntegrationTest    : Starting CartItemIntegrationTest using Java 11.0.17 on shinDui-MacBookPro.local with PID 16590 (started by shin in /Users/shin/Desktop/woowacourse/lv2/jwp-shopping-order)
2023-05-26 22:28:36.330  INFO 16590 --- [    Test worker] c.integration.CartItemIntegrationTest    : No active profile set, falling back to 1 default profile: "default"
2023-05-26 22:28:36.405  INFO 16590 --- [    Test worker] o.s.b.w.embedded.tomcat.TomcatWebServer  : Tomcat initialized with port(s): 0 (http)
2023-05-26 22:28:36.405  INFO 16590 --- [    Test worker] o.apache.catalina.core.StandardService   : Starting service [Tomcat]
2023-05-26 22:28:36.405  INFO 16590 --- [    Test worker] org.apache.catalina.core.StandardEngine  : Starting Servlet engine: [Apache Tomcat/9.0.71]
2023-05-26 22:28:36.410  INFO 16590 --- [    Test worker] o.a.c.c.C.[Tomcat].[localhost].[/]       : Initializing Spring embedded WebApplicationContext
2023-05-26 22:28:36.410  INFO 16590 --- [    Test worker] w.s.c.ServletWebServerApplicationContext : Root WebApplicationContext: initialization completed in 79 ms
2023-05-26 22:28:36.429  INFO 16590 --- [    Test worker] com.zaxxer.hikari.HikariDataSource       : HikariPool-9 - Starting...
2023-05-26 22:28:36.430  INFO 16590 --- [    Test worker] com.zaxxer.hikari.HikariDataSource       : HikariPool-9 - Start completed.
2023-05-26 22:28:36.535  INFO 16590 --- [    Test worker] o.s.b.w.embedded.tomcat.TomcatWebServer  : Tomcat started on port(s): 51947 (http) with context path ''
2023-05-26 22:28:36.536  INFO 16590 --- [    Test worker] c.integration.CartItemIntegrationTest    : Started CartItemIntegrationTest in 0.212 seconds (JVM running for 5.684)
2023-05-26 22:28:36.543  INFO 16590 --- [o-auto-9-exec-1] o.a.c.c.C.[Tomcat].[localhost].[/]       : Initializing Spring DispatcherServlet 'dispatcherServlet'
2023-05-26 22:28:36.544  INFO 16590 --- [o-auto-9-exec-1] o.s.web.servlet.DispatcherServlet        : Initializing Servlet 'dispatcherServlet'
2023-05-26 22:28:36.544  INFO 16590 --- [o-auto-9-exec-1] o.s.web.servlet.DispatcherServlet        : Completed initialization in 0 ms
Request method:	POST
Request URI:	http://localhost:51947/cart-items
Proxy:			<none>
Request params:	<none>
Query params:	<none>
Form params:	<none>
Path params:	<none>
Headers:		Authorization=Basic YUBhLmNvbToxMjM0
				Accept=*/*
				Content-Type=application/json
Cookies:		<none>
Multiparts:		<none>
Body:
{
    "productId": 4
}
HTTP/1.1 201 
Vary: Origin
Vary: Access-Control-Request-Method
Vary: Access-Control-Request-Headers
Location: /cart-items/4
Content-Length: 0
Date: Fri, 26 May 2023 13:28:35 GMT
Keep-Alive: timeout=60
Connection: keep-alive
Request method:	PATCH
Request URI:	http://localhost:51947/cart-items/4
Proxy:			<none>
Request params:	<none>
Query params:	<none>
Form params:	<none>
Path params:	<none>
Headers:		Authorization=Basic YUBhLmNvbToxMjM0
				Accept=*/*
				Content-Type=application/json
Cookies:		<none>
Multiparts:		<none>
Body:
{
    "quantity": 10
}
HTTP/1.1 200 
Vary: Origin
Vary: Access-Control-Request-Method
Vary: Access-Control-Request-Headers
Content-Length: 0
Date: Fri, 26 May 2023 13:28:35 GMT
Keep-Alive: timeout=60
Connection: keep-alive
Request method:	GET
Request URI:	http://localhost:51947/cart-items
Proxy:			<none>
Request params:	<none>
Query params:	<none>
Form params:	<none>
Path params:	<none>
Headers:		Authorization=Basic YUBhLmNvbToxMjM0
				Accept=*/*
				Content-Type=application/json
Cookies:		<none>
Multiparts:		<none>
Body:			<none>
HTTP/1.1 200 
Vary: Origin
Vary: Access-Control-Request-Method
Vary: Access-Control-Request-Headers
Content-Type: application/json
Transfer-Encoding: chunked
Date: Fri, 26 May 2023 13:28:35 GMT
Keep-Alive: timeout=60
Connection: keep-alive

[
    {
        "id": 1,
        "quantity": 2,
        "product": {
            "id": 1,
            "name": "치킨",
            "price": 10000,
            "imageUrl": "https://images.unsplash.com/photo-1626082927389-6cd097cdc6ec?ixlib=rb-4.0.3&ixid=MnwxMjA3fDB8MHxwaG90by1wYWdlfHx8fGVufDB8fHx8&auto=format&fit=crop&w=2370&q=80"
        }
    },
    {
        "id": 2,
        "quantity": 4,
        "product": {
            "id": 2,
            "name": "샐러드",
            "price": 20000,
            "imageUrl": "https://images.unsplash.com/photo-1512621776951-a57141f2eefd?ixlib=rb-4.0.3&ixid=MnwxMjA3fDB8MHxwaG90by1wYWdlfHx8fGVufDB8fHx8&auto=format&fit=crop&w=2370&q=80"
        }
    },
    {
        "id": 4,
        "quantity": 10,
        "product": {
            "id": 4,
            "name": "치킨",
            "price": 10000,
            "imageUrl": "http://example.com/chicken.jpg"
        }
    }
]
2023-05-26 22:28:36.609  INFO 16590 --- [    Test worker] o.apache.catalina.core.StandardService   : Stopping service [Tomcat]
2023-05-26 22:28:36.609  INFO 16590 --- [    Test worker] o.a.c.c.C.[Tomcat].[localhost].[/]       : Destroying Spring FrameworkServlet 'dispatcherServlet'
2023-05-26 22:28:36.611  INFO 16590 --- [    Test worker] com.zaxxer.hikari.HikariDataSource       : HikariPool-9 - Shutdown initiated...
2023-05-26 22:28:36.612  INFO 16590 --- [    Test worker] com.zaxxer.hikari.HikariDataSource       : HikariPool-9 - Shutdown completed.

  .   ____          _            __ _ _
 /\\ / ___'_ __ _ _(_)_ __  __ _ \ \ \ \
( ( )\___ | '_ | '_| | '_ \/ _` | \ \ \ \
 \\/  ___)| |_)| | | | | || (_| |  ) ) ) )
  '  |____| .__|_| |_|_| |_\__, | / / / /
 =========|_|==============|___/=/_/_/_/
 :: Spring Boot ::                (v2.7.9)

2023-05-26 22:28:36.620  INFO 16590 --- [    Test worker] c.integration.CartItemIntegrationTest    : Starting CartItemIntegrationTest using Java 11.0.17 on shinDui-MacBookPro.local with PID 16590 (started by shin in /Users/shin/Desktop/woowacourse/lv2/jwp-shopping-order)
2023-05-26 22:28:36.620  INFO 16590 --- [    Test worker] c.integration.CartItemIntegrationTest    : No active profile set, falling back to 1 default profile: "default"
2023-05-26 22:28:36.697  INFO 16590 --- [    Test worker] o.s.b.w.embedded.tomcat.TomcatWebServer  : Tomcat initialized with port(s): 0 (http)
2023-05-26 22:28:36.698  INFO 16590 --- [    Test worker] o.apache.catalina.core.StandardService   : Starting service [Tomcat]
2023-05-26 22:28:36.698  INFO 16590 --- [    Test worker] org.apache.catalina.core.StandardEngine  : Starting Servlet engine: [Apache Tomcat/9.0.71]
2023-05-26 22:28:36.704  INFO 16590 --- [    Test worker] o.a.c.c.C.[Tomcat].[localhost].[/]       : Initializing Spring embedded WebApplicationContext
2023-05-26 22:28:36.704  INFO 16590 --- [    Test worker] w.s.c.ServletWebServerApplicationContext : Root WebApplicationContext: initialization completed in 84 ms
2023-05-26 22:28:36.722  INFO 16590 --- [    Test worker] com.zaxxer.hikari.HikariDataSource       : HikariPool-10 - Starting...
2023-05-26 22:28:36.723  INFO 16590 --- [    Test worker] com.zaxxer.hikari.HikariDataSource       : HikariPool-10 - Start completed.
2023-05-26 22:28:36.831  INFO 16590 --- [    Test worker] o.s.b.w.embedded.tomcat.TomcatWebServer  : Tomcat started on port(s): 51954 (http) with context path ''
2023-05-26 22:28:36.832  INFO 16590 --- [    Test worker] c.integration.CartItemIntegrationTest    : Started CartItemIntegrationTest in 0.219 seconds (JVM running for 5.98)
2023-05-26 22:28:36.838  INFO 16590 --- [-auto-10-exec-1] o.a.c.c.C.[Tomcat].[localhost].[/]       : Initializing Spring DispatcherServlet 'dispatcherServlet'
2023-05-26 22:28:36.838  INFO 16590 --- [-auto-10-exec-1] o.s.web.servlet.DispatcherServlet        : Initializing Servlet 'dispatcherServlet'
2023-05-26 22:28:36.839  INFO 16590 --- [-auto-10-exec-1] o.s.web.servlet.DispatcherServlet        : Completed initialization in 1 ms
Request method:	POST
Request URI:	http://localhost:51954/cart-items
Proxy:			<none>
Request params:	<none>
Query params:	<none>
Form params:	<none>
Path params:	<none>
Headers:		Authorization=Basic YUBhLmNvbToxMjM0
				Accept=*/*
				Content-Type=application/json
Cookies:		<none>
Multiparts:		<none>
Body:
{
    "productId": 4
}
HTTP/1.1 201 
Vary: Origin
Vary: Access-Control-Request-Method
Vary: Access-Control-Request-Headers
Location: /cart-items/4
Content-Length: 0
Date: Fri, 26 May 2023 13:28:36 GMT
Keep-Alive: timeout=60
Connection: keep-alive
Request method:	POST
Request URI:	http://localhost:51954/cart-items
Proxy:			<none>
Request params:	<none>
Query params:	<none>
Form params:	<none>
Path params:	<none>
Headers:		Authorization=Basic YUBhLmNvbToxMjM0
				Accept=*/*
				Content-Type=application/json
Cookies:		<none>
Multiparts:		<none>
Body:
{
    "productId": 5
}
HTTP/1.1 201 
Vary: Origin
Vary: Access-Control-Request-Method
Vary: Access-Control-Request-Headers
Location: /cart-items/5
Content-Length: 0
Date: Fri, 26 May 2023 13:28:36 GMT
Keep-Alive: timeout=60
Connection: keep-alive
Request method:	GET
Request URI:	http://localhost:51954/cart-items
Proxy:			<none>
Request params:	<none>
Query params:	<none>
Form params:	<none>
Path params:	<none>
Headers:		Authorization=Basic YUBhLmNvbToxMjM0
				Accept=*/*
				Content-Type=application/json
Cookies:		<none>
Multiparts:		<none>
Body:			<none>
HTTP/1.1 200 
Vary: Origin
Vary: Access-Control-Request-Method
Vary: Access-Control-Request-Headers
Content-Type: application/json
Transfer-Encoding: chunked
Date: Fri, 26 May 2023 13:28:36 GMT
Keep-Alive: timeout=60
Connection: keep-alive

[
    {
        "id": 1,
        "quantity": 2,
        "product": {
            "id": 1,
            "name": "치킨",
            "price": 10000,
            "imageUrl": "https://images.unsplash.com/photo-1626082927389-6cd097cdc6ec?ixlib=rb-4.0.3&ixid=MnwxMjA3fDB8MHxwaG90by1wYWdlfHx8fGVufDB8fHx8&auto=format&fit=crop&w=2370&q=80"
        }
    },
    {
        "id": 2,
        "quantity": 4,
        "product": {
            "id": 2,
            "name": "샐러드",
            "price": 20000,
            "imageUrl": "https://images.unsplash.com/photo-1512621776951-a57141f2eefd?ixlib=rb-4.0.3&ixid=MnwxMjA3fDB8MHxwaG90by1wYWdlfHx8fGVufDB8fHx8&auto=format&fit=crop&w=2370&q=80"
        }
    },
    {
        "id": 4,
        "quantity": 1,
        "product": {
            "id": 4,
            "name": "치킨",
            "price": 10000,
            "imageUrl": "http://example.com/chicken.jpg"
        }
    },
    {
        "id": 5,
        "quantity": 1,
        "product": {
            "id": 5,
            "name": "피자",
            "price": 15000,
            "imageUrl": "http://example.com/pizza.jpg"
        }
    }
]
2023-05-26 22:28:36.897  INFO 16590 --- [    Test worker] o.apache.catalina.core.StandardService   : Stopping service [Tomcat]
2023-05-26 22:28:36.897  INFO 16590 --- [    Test worker] o.a.c.c.C.[Tomcat].[localhost].[/]       : Destroying Spring FrameworkServlet 'dispatcherServlet'
2023-05-26 22:28:36.899  INFO 16590 --- [    Test worker] com.zaxxer.hikari.HikariDataSource       : HikariPool-10 - Shutdown initiated...
2023-05-26 22:28:36.899  INFO 16590 --- [    Test worker] com.zaxxer.hikari.HikariDataSource       : HikariPool-10 - Shutdown completed.

  .   ____          _            __ _ _
 /\\ / ___'_ __ _ _(_)_ __  __ _ \ \ \ \
( ( )\___ | '_ | '_| | '_ \/ _` | \ \ \ \
 \\/  ___)| |_)| | | | | || (_| |  ) ) ) )
  '  |____| .__|_| |_|_| |_\__, | / / / /
 =========|_|==============|___/=/_/_/_/
 :: Spring Boot ::                (v2.7.9)

2023-05-26 22:28:36.907  INFO 16590 --- [    Test worker] c.integration.CartItemIntegrationTest    : Starting CartItemIntegrationTest using Java 11.0.17 on shinDui-MacBookPro.local with PID 16590 (started by shin in /Users/shin/Desktop/woowacourse/lv2/jwp-shopping-order)
2023-05-26 22:28:36.907  INFO 16590 --- [    Test worker] c.integration.CartItemIntegrationTest    : No active profile set, falling back to 1 default profile: "default"
2023-05-26 22:28:36.987  INFO 16590 --- [    Test worker] o.s.b.w.embedded.tomcat.TomcatWebServer  : Tomcat initialized with port(s): 0 (http)
2023-05-26 22:28:36.988  INFO 16590 --- [    Test worker] o.apache.catalina.core.StandardService   : Starting service [Tomcat]
2023-05-26 22:28:36.988  INFO 16590 --- [    Test worker] org.apache.catalina.core.StandardEngine  : Starting Servlet engine: [Apache Tomcat/9.0.71]
2023-05-26 22:28:36.994  INFO 16590 --- [    Test worker] o.a.c.c.C.[Tomcat].[localhost].[/]       : Initializing Spring embedded WebApplicationContext
2023-05-26 22:28:36.994  INFO 16590 --- [    Test worker] w.s.c.ServletWebServerApplicationContext : Root WebApplicationContext: initialization completed in 87 ms
2023-05-26 22:28:37.012  INFO 16590 --- [    Test worker] com.zaxxer.hikari.HikariDataSource       : HikariPool-11 - Starting...
2023-05-26 22:28:37.013  INFO 16590 --- [    Test worker] com.zaxxer.hikari.HikariDataSource       : HikariPool-11 - Start completed.
2023-05-26 22:28:37.117  INFO 16590 --- [    Test worker] o.s.b.w.embedded.tomcat.TomcatWebServer  : Tomcat started on port(s): 51961 (http) with context path ''
2023-05-26 22:28:37.120  INFO 16590 --- [    Test worker] c.integration.CartItemIntegrationTest    : Started CartItemIntegrationTest in 0.22 seconds (JVM running for 6.268)
2023-05-26 22:28:37.126  INFO 16590 --- [-auto-11-exec-1] o.a.c.c.C.[Tomcat].[localhost].[/]       : Initializing Spring DispatcherServlet 'dispatcherServlet'
2023-05-26 22:28:37.127  INFO 16590 --- [-auto-11-exec-1] o.s.web.servlet.DispatcherServlet        : Initializing Servlet 'dispatcherServlet'
2023-05-26 22:28:37.127  INFO 16590 --- [-auto-11-exec-1] o.s.web.servlet.DispatcherServlet        : Completed initialization in 0 ms
Request method:	POST
Request URI:	http://localhost:51961/cart-items
Proxy:			<none>
Request params:	<none>
Query params:	<none>
Form params:	<none>
Path params:	<none>
Headers:		Authorization=Basic YUBhLmNvbToxMjM0
				Accept=*/*
				Content-Type=application/json
Cookies:		<none>
Multiparts:		<none>
Body:
{
    "productId": 4
}
HTTP/1.1 201 
Vary: Origin
Vary: Access-Control-Request-Method
Vary: Access-Control-Request-Headers
Location: /cart-items/4
Content-Length: 0
Date: Fri, 26 May 2023 13:28:36 GMT
Keep-Alive: timeout=60
Connection: keep-alive
Request method:	PATCH
Request URI:	http://localhost:51961/cart-items/4
Proxy:			<none>
Request params:	<none>
Query params:	<none>
Form params:	<none>
Path params:	<none>
Headers:		Authorization=Basic YUBhLmNvbToxMjM0
				Accept=*/*
				Content-Type=application/json
Cookies:		<none>
Multiparts:		<none>
Body:
{
    "quantity": 0
}
HTTP/1.1 200 
Vary: Origin
Vary: Access-Control-Request-Method
Vary: Access-Control-Request-Headers
Content-Length: 0
Date: Fri, 26 May 2023 13:28:36 GMT
Keep-Alive: timeout=60
Connection: keep-alive
Request method:	GET
Request URI:	http://localhost:51961/cart-items
Proxy:			<none>
Request params:	<none>
Query params:	<none>
Form params:	<none>
Path params:	<none>
Headers:		Authorization=Basic YUBhLmNvbToxMjM0
				Accept=*/*
				Content-Type=application/json
Cookies:		<none>
Multiparts:		<none>
Body:			<none>
HTTP/1.1 200 
Vary: Origin
Vary: Access-Control-Request-Method
Vary: Access-Control-Request-Headers
Content-Type: application/json
Transfer-Encoding: chunked
Date: Fri, 26 May 2023 13:28:36 GMT
Keep-Alive: timeout=60
Connection: keep-alive

[
    {
        "id": 1,
        "quantity": 2,
        "product": {
            "id": 1,
            "name": "치킨",
            "price": 10000,
            "imageUrl": "https://images.unsplash.com/photo-1626082927389-6cd097cdc6ec?ixlib=rb-4.0.3&ixid=MnwxMjA3fDB8MHxwaG90by1wYWdlfHx8fGVufDB8fHx8&auto=format&fit=crop&w=2370&q=80"
        }
    },
    {
        "id": 2,
        "quantity": 4,
        "product": {
            "id": 2,
            "name": "샐러드",
            "price": 20000,
            "imageUrl": "https://images.unsplash.com/photo-1512621776951-a57141f2eefd?ixlib=rb-4.0.3&ixid=MnwxMjA3fDB8MHxwaG90by1wYWdlfHx8fGVufDB8fHx8&auto=format&fit=crop&w=2370&q=80"
        }
    }
]
]]></system-out>
  <system-err><![CDATA[]]></system-err>
</testsuite>
