<?xml version="1.0" encoding="UTF-8"?>
<testsuite name="cart.integration.ProductIntegrationTest" tests="3" skipped="0" failures="0" errors="0" timestamp="2023-06-03T10:14:37" hostname="shinDui-MacBookPro.local" time="1.753">
  <properties/>
  <testcase name="getCreatedProduct()" classname="cart.integration.ProductIntegrationTest" time="1.086"/>
  <testcase name="getProducts()" classname="cart.integration.ProductIntegrationTest" time="0.35"/>
  <testcase name="createProduct()" classname="cart.integration.ProductIntegrationTest" time="0.316"/>
  <system-out><![CDATA[2023-06-03 19:14:36.528  INFO 202 --- [    Test worker] .b.t.c.SpringBootTestContextBootstrapper : Neither @ContextConfiguration nor @ContextHierarchy found for test class [cart.integration.ProductIntegrationTest], using SpringBootContextLoader
2023-06-03 19:14:36.528  INFO 202 --- [    Test worker] o.s.t.c.support.AbstractContextLoader    : Could not detect default resource locations for test class [cart.integration.ProductIntegrationTest]: no resource found for suffixes {-context.xml, Context.groovy}.
2023-06-03 19:14:36.529  INFO 202 --- [    Test worker] t.c.s.AnnotationConfigContextLoaderUtils : Could not detect default configuration classes for test class [cart.integration.ProductIntegrationTest]: ProductIntegrationTest does not declare any static, non-private, non-final, nested classes annotated with @Configuration.
2023-06-03 19:14:36.533  INFO 202 --- [    Test worker] .b.t.c.SpringBootTestContextBootstrapper : Found @SpringBootConfiguration cart.JwpCartApplication for test class cart.integration.ProductIntegrationTest
2023-06-03 19:14:36.535  INFO 202 --- [    Test worker] .b.t.c.SpringBootTestContextBootstrapper : Loaded default TestExecutionListener class names from location [META-INF/spring.factories]: [org.springframework.boot.test.autoconfigure.restdocs.RestDocsTestExecutionListener, org.springframework.boot.test.autoconfigure.web.client.MockRestServiceServerResetTestExecutionListener, org.springframework.boot.test.autoconfigure.web.servlet.MockMvcPrintOnlyOnFailureTestExecutionListener, org.springframework.boot.test.autoconfigure.web.servlet.WebDriverTestExecutionListener, org.springframework.boot.test.autoconfigure.webservices.client.MockWebServiceServerTestExecutionListener, org.springframework.boot.test.mock.mockito.MockitoTestExecutionListener, org.springframework.boot.test.mock.mockito.ResetMocksTestExecutionListener, org.springframework.test.context.web.ServletTestExecutionListener, org.springframework.test.context.support.DirtiesContextBeforeModesTestExecutionListener, org.springframework.test.context.event.ApplicationEventsTestExecutionListener, org.springframework.test.context.support.DependencyInjectionTestExecutionListener, org.springframework.test.context.support.DirtiesContextTestExecutionListener, org.springframework.test.context.transaction.TransactionalTestExecutionListener, org.springframework.test.context.jdbc.SqlScriptsTestExecutionListener, org.springframework.test.context.event.EventPublishingTestExecutionListener]
2023-06-03 19:14:36.536  INFO 202 --- [    Test worker] .b.t.c.SpringBootTestContextBootstrapper : Using TestExecutionListeners: [org.springframework.test.context.web.ServletTestExecutionListener@5df357c6, org.springframework.test.context.support.DirtiesContextBeforeModesTestExecutionListener@318a346d, org.springframework.test.context.event.ApplicationEventsTestExecutionListener@7595eb30, org.springframework.boot.test.mock.mockito.MockitoTestExecutionListener@4485f77d, org.springframework.boot.test.autoconfigure.SpringBootDependencyInjectionTestExecutionListener@38fd54c, org.springframework.test.context.support.DirtiesContextTestExecutionListener@63c6a00c, org.springframework.test.context.transaction.TransactionalTestExecutionListener@39500b2f, org.springframework.test.context.jdbc.SqlScriptsTestExecutionListener@52052d67, org.springframework.test.context.event.EventPublishingTestExecutionListener@2f5db7de, org.springframework.boot.test.autoconfigure.restdocs.RestDocsTestExecutionListener@79cdb4f9, org.springframework.boot.test.autoconfigure.web.client.MockRestServiceServerResetTestExecutionListener@407dc19c, org.springframework.boot.test.autoconfigure.web.servlet.MockMvcPrintOnlyOnFailureTestExecutionListener@3b68a2e1, org.springframework.boot.test.autoconfigure.web.servlet.WebDriverTestExecutionListener@79491115, org.springframework.boot.test.autoconfigure.webservices.client.MockWebServiceServerTestExecutionListener@6d3708b9, org.springframework.boot.test.mock.mockito.ResetMocksTestExecutionListener@436855a2]

  .   ____          _            __ _ _
 /\\ / ___'_ __ _ _(_)_ __  __ _ \ \ \ \
( ( )\___ | '_ | '_| | '_ \/ _` | \ \ \ \
 \\/  ___)| |_)| | | | | || (_| |  ) ) ) )
  '  |____| .__|_| |_|_| |_\__, | / / / /
 =========|_|==============|___/=/_/_/_/
 :: Spring Boot ::                (v2.7.9)

2023-06-03 19:14:36.569  INFO 202 --- [    Test worker] cart.integration.ProductIntegrationTest  : Starting ProductIntegrationTest using Java 11.0.17 on shinDui-MacBookPro.local with PID 202 (started by shin in /Users/shin/Desktop/aws/bapo-test)
2023-06-03 19:14:36.570  INFO 202 --- [    Test worker] cart.integration.ProductIntegrationTest  : No active profile set, falling back to 1 default profile: "default"
2023-06-03 19:14:36.947  INFO 202 --- [    Test worker] o.s.b.w.embedded.tomcat.TomcatWebServer  : Tomcat initialized with port(s): 0 (http)
2023-06-03 19:14:36.956  INFO 202 --- [    Test worker] o.apache.catalina.core.StandardService   : Starting service [Tomcat]
2023-06-03 19:14:36.956  INFO 202 --- [    Test worker] org.apache.catalina.core.StandardEngine  : Starting Servlet engine: [Apache Tomcat/9.0.71]
2023-06-03 19:14:37.024  INFO 202 --- [    Test worker] o.a.c.c.C.[Tomcat].[localhost].[/]       : Initializing Spring embedded WebApplicationContext
2023-06-03 19:14:37.024  INFO 202 --- [    Test worker] w.s.c.ServletWebServerApplicationContext : Root WebApplicationContext: initialization completed in 453 ms
2023-06-03 19:14:37.089  INFO 202 --- [    Test worker] com.zaxxer.hikari.HikariDataSource       : HikariPool-1 - Starting...
2023-06-03 19:14:37.101  INFO 202 --- [    Test worker] com.zaxxer.hikari.HikariDataSource       : HikariPool-1 - Start completed.
2023-06-03 19:14:37.582  INFO 202 --- [    Test worker] o.s.b.w.embedded.tomcat.TomcatWebServer  : Tomcat started on port(s): 63682 (http) with context path ''
2023-06-03 19:14:37.586  INFO 202 --- [    Test worker] cart.integration.ProductIntegrationTest  : Started ProductIntegrationTest in 1.049 seconds (JVM running for 3.138)
2023-06-03 19:14:37.594  INFO 202 --- [    Test worker] o.apache.catalina.core.StandardService   : Stopping service [Tomcat]
2023-06-03 19:14:37.600  INFO 202 --- [    Test worker] com.zaxxer.hikari.HikariDataSource       : HikariPool-1 - Shutdown initiated...
2023-06-03 19:14:37.603  INFO 202 --- [    Test worker] com.zaxxer.hikari.HikariDataSource       : HikariPool-1 - Shutdown completed.

  .   ____          _            __ _ _
 /\\ / ___'_ __ _ _(_)_ __  __ _ \ \ \ \
( ( )\___ | '_ | '_| | '_ \/ _` | \ \ \ \
 \\/  ___)| |_)| | | | | || (_| |  ) ) ) )
  '  |____| .__|_| |_|_| |_\__, | / / / /
 =========|_|==============|___/=/_/_/_/
 :: Spring Boot ::                (v2.7.9)

2023-06-03 19:14:37.616  INFO 202 --- [    Test worker] cart.integration.ProductIntegrationTest  : Starting ProductIntegrationTest using Java 11.0.17 on shinDui-MacBookPro.local with PID 202 (started by shin in /Users/shin/Desktop/aws/bapo-test)
2023-06-03 19:14:37.616  INFO 202 --- [    Test worker] cart.integration.ProductIntegrationTest  : No active profile set, falling back to 1 default profile: "default"
2023-06-03 19:14:37.740  INFO 202 --- [    Test worker] o.s.b.w.embedded.tomcat.TomcatWebServer  : Tomcat initialized with port(s): 0 (http)
2023-06-03 19:14:37.741  INFO 202 --- [    Test worker] o.apache.catalina.core.StandardService   : Starting service [Tomcat]
2023-06-03 19:14:37.741  INFO 202 --- [    Test worker] org.apache.catalina.core.StandardEngine  : Starting Servlet engine: [Apache Tomcat/9.0.71]
2023-06-03 19:14:37.749  INFO 202 --- [    Test worker] o.a.c.c.C.[Tomcat].[localhost].[/]       : Initializing Spring embedded WebApplicationContext
2023-06-03 19:14:37.749  INFO 202 --- [    Test worker] w.s.c.ServletWebServerApplicationContext : Root WebApplicationContext: initialization completed in 132 ms
2023-06-03 19:14:37.778  INFO 202 --- [    Test worker] com.zaxxer.hikari.HikariDataSource       : HikariPool-2 - Starting...
2023-06-03 19:14:37.779  INFO 202 --- [    Test worker] com.zaxxer.hikari.HikariDataSource       : HikariPool-2 - Start completed.
2023-06-03 19:14:37.946  INFO 202 --- [    Test worker] o.s.b.w.embedded.tomcat.TomcatWebServer  : Tomcat started on port(s): 63684 (http) with context path ''
2023-06-03 19:14:37.948  INFO 202 --- [    Test worker] cart.integration.ProductIntegrationTest  : Started ProductIntegrationTest in 0.343 seconds (JVM running for 3.5)
2023-06-03 19:14:38.474  INFO 202 --- [o-auto-2-exec-1] o.a.c.c.C.[Tomcat].[localhost].[/]       : Initializing Spring DispatcherServlet 'dispatcherServlet'
2023-06-03 19:14:38.474  INFO 202 --- [o-auto-2-exec-1] o.s.web.servlet.DispatcherServlet        : Initializing Servlet 'dispatcherServlet'
2023-06-03 19:14:38.475  INFO 202 --- [o-auto-2-exec-1] o.s.web.servlet.DispatcherServlet        : Completed initialization in 1 ms
Request method:	GET
Request URI:	http://localhost:63684/products/4
Proxy:			<none>
Request params:	<none>
Query params:	<none>
Form params:	<none>
Path params:	<none>
Headers:		Accept=*/*
Cookies:		<none>
Multiparts:		<none>
Body:			<none>
2023-06-03 19:14:38.677  INFO 202 --- [    Test worker] o.apache.catalina.core.StandardService   : Stopping service [Tomcat]
2023-06-03 19:14:38.677  INFO 202 --- [    Test worker] o.a.c.c.C.[Tomcat].[localhost].[/]       : Destroying Spring FrameworkServlet 'dispatcherServlet'
2023-06-03 19:14:38.681  INFO 202 --- [    Test worker] com.zaxxer.hikari.HikariDataSource       : HikariPool-2 - Shutdown initiated...
2023-06-03 19:14:38.683  INFO 202 --- [    Test worker] com.zaxxer.hikari.HikariDataSource       : HikariPool-2 - Shutdown completed.

  .   ____          _            __ _ _
 /\\ / ___'_ __ _ _(_)_ __  __ _ \ \ \ \
( ( )\___ | '_ | '_| | '_ \/ _` | \ \ \ \
 \\/  ___)| |_)| | | | | || (_| |  ) ) ) )
  '  |____| .__|_| |_|_| |_\__, | / / / /
 =========|_|==============|___/=/_/_/_/
 :: Spring Boot ::                (v2.7.9)

2023-06-03 19:14:38.694  INFO 202 --- [    Test worker] cart.integration.ProductIntegrationTest  : Starting ProductIntegrationTest using Java 11.0.17 on shinDui-MacBookPro.local with PID 202 (started by shin in /Users/shin/Desktop/aws/bapo-test)
2023-06-03 19:14:38.694  INFO 202 --- [    Test worker] cart.integration.ProductIntegrationTest  : No active profile set, falling back to 1 default profile: "default"
2023-06-03 19:14:38.820  INFO 202 --- [    Test worker] o.s.b.w.embedded.tomcat.TomcatWebServer  : Tomcat initialized with port(s): 0 (http)
2023-06-03 19:14:38.821  INFO 202 --- [    Test worker] o.apache.catalina.core.StandardService   : Starting service [Tomcat]
2023-06-03 19:14:38.821  INFO 202 --- [    Test worker] org.apache.catalina.core.StandardEngine  : Starting Servlet engine: [Apache Tomcat/9.0.71]
2023-06-03 19:14:38.828  INFO 202 --- [    Test worker] o.a.c.c.C.[Tomcat].[localhost].[/]       : Initializing Spring embedded WebApplicationContext
2023-06-03 19:14:38.828  INFO 202 --- [    Test worker] w.s.c.ServletWebServerApplicationContext : Root WebApplicationContext: initialization completed in 133 ms
2023-06-03 19:14:38.855  INFO 202 --- [    Test worker] com.zaxxer.hikari.HikariDataSource       : HikariPool-3 - Starting...
2023-06-03 19:14:38.857  INFO 202 --- [    Test worker] com.zaxxer.hikari.HikariDataSource       : HikariPool-3 - Start completed.
2023-06-03 19:14:38.991  INFO 202 --- [    Test worker] o.s.b.w.embedded.tomcat.TomcatWebServer  : Tomcat started on port(s): 63688 (http) with context path ''
2023-06-03 19:14:38.993  INFO 202 --- [    Test worker] cart.integration.ProductIntegrationTest  : Started ProductIntegrationTest in 0.309 seconds (JVM running for 4.546)
2023-06-03 19:14:39.016  INFO 202 --- [o-auto-3-exec-1] o.a.c.c.C.[Tomcat].[localhost].[/]       : Initializing Spring DispatcherServlet 'dispatcherServlet'
2023-06-03 19:14:39.016  INFO 202 --- [o-auto-3-exec-1] o.s.web.servlet.DispatcherServlet        : Initializing Servlet 'dispatcherServlet'
2023-06-03 19:14:39.017  INFO 202 --- [o-auto-3-exec-1] o.s.web.servlet.DispatcherServlet        : Completed initialization in 1 ms
2023-06-03 19:14:39.028  INFO 202 --- [    Test worker] o.apache.catalina.core.StandardService   : Stopping service [Tomcat]
2023-06-03 19:14:39.028  INFO 202 --- [    Test worker] o.a.c.c.C.[Tomcat].[localhost].[/]       : Destroying Spring FrameworkServlet 'dispatcherServlet'
2023-06-03 19:14:39.031  INFO 202 --- [    Test worker] com.zaxxer.hikari.HikariDataSource       : HikariPool-3 - Shutdown initiated...
2023-06-03 19:14:39.033  INFO 202 --- [    Test worker] com.zaxxer.hikari.HikariDataSource       : HikariPool-3 - Shutdown completed.

  .   ____          _            __ _ _
 /\\ / ___'_ __ _ _(_)_ __  __ _ \ \ \ \
( ( )\___ | '_ | '_| | '_ \/ _` | \ \ \ \
 \\/  ___)| |_)| | | | | || (_| |  ) ) ) )
  '  |____| .__|_| |_|_| |_\__, | / / / /
 =========|_|==============|___/=/_/_/_/
 :: Spring Boot ::                (v2.7.9)

2023-06-03 19:14:39.043  INFO 202 --- [    Test worker] cart.integration.ProductIntegrationTest  : Starting ProductIntegrationTest using Java 11.0.17 on shinDui-MacBookPro.local with PID 202 (started by shin in /Users/shin/Desktop/aws/bapo-test)
2023-06-03 19:14:39.043  INFO 202 --- [    Test worker] cart.integration.ProductIntegrationTest  : No active profile set, falling back to 1 default profile: "default"
2023-06-03 19:14:39.153  INFO 202 --- [    Test worker] o.s.b.w.embedded.tomcat.TomcatWebServer  : Tomcat initialized with port(s): 0 (http)
2023-06-03 19:14:39.153  INFO 202 --- [    Test worker] o.apache.catalina.core.StandardService   : Starting service [Tomcat]
2023-06-03 19:14:39.153  INFO 202 --- [    Test worker] org.apache.catalina.core.StandardEngine  : Starting Servlet engine: [Apache Tomcat/9.0.71]
2023-06-03 19:14:39.160  INFO 202 --- [    Test worker] o.a.c.c.C.[Tomcat].[localhost].[/]       : Initializing Spring embedded WebApplicationContext
2023-06-03 19:14:39.161  INFO 202 --- [    Test worker] w.s.c.ServletWebServerApplicationContext : Root WebApplicationContext: initialization completed in 117 ms
2023-06-03 19:14:39.187  INFO 202 --- [    Test worker] com.zaxxer.hikari.HikariDataSource       : HikariPool-4 - Starting...
2023-06-03 19:14:39.188  INFO 202 --- [    Test worker] com.zaxxer.hikari.HikariDataSource       : HikariPool-4 - Start completed.
2023-06-03 19:14:39.322  INFO 202 --- [    Test worker] o.s.b.w.embedded.tomcat.TomcatWebServer  : Tomcat started on port(s): 63691 (http) with context path ''
2023-06-03 19:14:39.323  INFO 202 --- [    Test worker] cart.integration.ProductIntegrationTest  : Started ProductIntegrationTest in 0.289 seconds (JVM running for 4.876)
2023-06-03 19:14:39.333  INFO 202 --- [o-auto-4-exec-1] o.a.c.c.C.[Tomcat].[localhost].[/]       : Initializing Spring DispatcherServlet 'dispatcherServlet'
2023-06-03 19:14:39.334  INFO 202 --- [o-auto-4-exec-1] o.s.web.servlet.DispatcherServlet        : Initializing Servlet 'dispatcherServlet'
2023-06-03 19:14:39.334  INFO 202 --- [o-auto-4-exec-1] o.s.web.servlet.DispatcherServlet        : Completed initialization in 0 ms
]]></system-out>
  <system-err><![CDATA[]]></system-err>
</testsuite>
