<?xml version="1.0" encoding="UTF-8"?>
<testsuite name="cart.JwpCartApplicationTests" tests="1" skipped="0" failures="0" errors="0" timestamp="2023-06-03T10:14:41" hostname="shinDui-MacBookPro.local" time="0.001">
  <properties/>
  <testcase name="contextLoads()" classname="cart.JwpCartApplicationTests" time="0.001"/>
  <system-out><![CDATA[2023-06-03 19:14:41.792  INFO 202 --- [    Test worker] .b.t.c.SpringBootTestContextBootstrapper : Neither @ContextConfiguration nor @ContextHierarchy found for test class [cart.JwpCartApplicationTests], using SpringBootContextLoader
2023-06-03 19:14:41.792  INFO 202 --- [    Test worker] o.s.t.c.support.AbstractContextLoader    : Could not detect default resource locations for test class [cart.JwpCartApplicationTests]: no resource found for suffixes {-context.xml, Context.groovy}.
2023-06-03 19:14:41.792  INFO 202 --- [    Test worker] t.c.s.AnnotationConfigContextLoaderUtils : Could not detect default configuration classes for test class [cart.JwpCartApplicationTests]: JwpCartApplicationTests does not declare any static, non-private, non-final, nested classes annotated with @Configuration.
2023-06-03 19:14:41.793  INFO 202 --- [    Test worker] .b.t.c.SpringBootTestContextBootstrapper : Found @SpringBootConfiguration cart.JwpCartApplication for test class cart.JwpCartApplicationTests
2023-06-03 19:14:41.794  INFO 202 --- [    Test worker] .b.t.c.SpringBootTestContextBootstrapper : Loaded default TestExecutionListener class names from location [META-INF/spring.factories]: [org.springframework.boot.test.autoconfigure.restdocs.RestDocsTestExecutionListener, org.springframework.boot.test.autoconfigure.web.client.MockRestServiceServerResetTestExecutionListener, org.springframework.boot.test.autoconfigure.web.servlet.MockMvcPrintOnlyOnFailureTestExecutionListener, org.springframework.boot.test.autoconfigure.web.servlet.WebDriverTestExecutionListener, org.springframework.boot.test.autoconfigure.webservices.client.MockWebServiceServerTestExecutionListener, org.springframework.boot.test.mock.mockito.MockitoTestExecutionListener, org.springframework.boot.test.mock.mockito.ResetMocksTestExecutionListener, org.springframework.test.context.web.ServletTestExecutionListener, org.springframework.test.context.support.DirtiesContextBeforeModesTestExecutionListener, org.springframework.test.context.event.ApplicationEventsTestExecutionListener, org.springframework.test.context.support.DependencyInjectionTestExecutionListener, org.springframework.test.context.support.DirtiesContextTestExecutionListener, org.springframework.test.context.transaction.TransactionalTestExecutionListener, org.springframework.test.context.jdbc.SqlScriptsTestExecutionListener, org.springframework.test.context.event.EventPublishingTestExecutionListener]
2023-06-03 19:14:41.794  INFO 202 --- [    Test worker] .b.t.c.SpringBootTestContextBootstrapper : Using TestExecutionListeners: [org.springframework.test.context.web.ServletTestExecutionListener@5d97321a, org.springframework.test.context.support.DirtiesContextBeforeModesTestExecutionListener@739e4ad8, org.springframework.test.context.event.ApplicationEventsTestExecutionListener@1e4836bd, org.springframework.boot.test.mock.mockito.MockitoTestExecutionListener@174a982e, org.springframework.boot.test.autoconfigure.SpringBootDependencyInjectionTestExecutionListener@73296f3f, org.springframework.test.context.support.DirtiesContextTestExecutionListener@72603308, org.springframework.test.context.transaction.TransactionalTestExecutionListener@2d421e27, org.springframework.test.context.jdbc.SqlScriptsTestExecutionListener@6e0a6849, org.springframework.test.context.event.EventPublishingTestExecutionListener@56e2a220, org.springframework.boot.test.autoconfigure.restdocs.RestDocsTestExecutionListener@25693387, org.springframework.boot.test.autoconfigure.web.client.MockRestServiceServerResetTestExecutionListener@1867b22b, org.springframework.boot.test.autoconfigure.web.servlet.MockMvcPrintOnlyOnFailureTestExecutionListener@2512d94e, org.springframework.boot.test.autoconfigure.web.servlet.WebDriverTestExecutionListener@66228c6e, org.springframework.boot.test.autoconfigure.webservices.client.MockWebServiceServerTestExecutionListener@a3b6e26, org.springframework.boot.test.mock.mockito.ResetMocksTestExecutionListener@2fe873a0]

  .   ____          _            __ _ _
 /\\ / ___'_ __ _ _(_)_ __  __ _ \ \ \ \
( ( )\___ | '_ | '_| | '_ \/ _` | \ \ \ \
 \\/  ___)| |_)| | | | | || (_| |  ) ) ) )
  '  |____| .__|_| |_|_| |_\__, | / / / /
 =========|_|==============|___/=/_/_/_/
 :: Spring Boot ::                (v2.7.9)

2023-06-03 19:14:41.804  INFO 202 --- [    Test worker] cart.JwpCartApplicationTests             : Starting JwpCartApplicationTests using Java 11.0.17 on shinDui-MacBookPro.local with PID 202 (started by shin in /Users/shin/Desktop/aws/bapo-test)
2023-06-03 19:14:41.804  INFO 202 --- [    Test worker] cart.JwpCartApplicationTests             : No active profile set, falling back to 1 default profile: "default"
2023-06-03 19:14:41.866  INFO 202 --- [    Test worker] com.zaxxer.hikari.HikariDataSource       : HikariPool-12 - Starting...
2023-06-03 19:14:41.867  INFO 202 --- [    Test worker] com.zaxxer.hikari.HikariDataSource       : HikariPool-12 - Start completed.
2023-06-03 19:14:41.920  INFO 202 --- [    Test worker] cart.JwpCartApplicationTests             : Started JwpCartApplicationTests in 0.122 seconds (JVM running for 7.473)
]]></system-out>
  <system-err><![CDATA[]]></system-err>
</testsuite>
