<?xml version="1.0" encoding="UTF-8"?>
<testsuite name="JdbcCartItemRepository 은(는)" tests="4" skipped="0" failures="0" errors="0" timestamp="2023-05-26T13:28:37" hostname="shinDui-MacBookPro.local" time="0.011">
  <properties/>
  <testcase name="특정 회원의 장바구니 상품을 조회한다" classname="cart.cartitem.infrastructure.persistence.repository.JdbcCartItemRepositoryTest" time="0.009"/>
  <testcase name="장바구니 상품을 ID 로 조회한다" classname="cart.cartitem.infrastructure.persistence.repository.JdbcCartItemRepositoryTest" time="0.0"/>
  <testcase name="장바구니 상품을 수정한다" classname="cart.cartitem.infrastructure.persistence.repository.JdbcCartItemRepositoryTest" time="0.0"/>
  <testcase name="장바구니 상품을 저장한다" classname="cart.cartitem.infrastructure.persistence.repository.JdbcCartItemRepositoryTest" time="0.001"/>
  <system-out><![CDATA[]]></system-out>
  <system-err><![CDATA[]]></system-err>
</testsuite>
