<?xml version="1.0" encoding="UTF-8"?>
<testsuite name="OrderValidator 은(는)" tests="4" skipped="0" failures="0" errors="0" timestamp="2023-05-26T13:28:32" hostname="shinDui-MacBookPro.local" time="0.003">
  <properties/>
  <testcase name="상품이 변경되지 않았으면 정상" classname="cart.order.domain.OrderValidatorTest" time="0.001"/>
  <testcase name="상품 이미지가 변경되면 오류" classname="cart.order.domain.OrderValidatorTest" time="0.001"/>
  <testcase name="상품 가격이 변경되면 오류" classname="cart.order.domain.OrderValidatorTest" time="0.001"/>
  <testcase name="상품 이름이 변경되면 오류" classname="cart.order.domain.OrderValidatorTest" time="0.0"/>
  <system-out><![CDATA[]]></system-out>
  <system-err><![CDATA[]]></system-err>
</testsuite>
