<?xml version="1.0" encoding="UTF-8"?>
<testsuite name="cart.JwpCartApplicationTests" tests="1" skipped="0" failures="0" errors="0" timestamp="2023-05-26T13:28:37" hostname="shinDui-MacBookPro.local" time="0.001">
  <properties/>
  <testcase name="contextLoads()" classname="cart.JwpCartApplicationTests" time="0.001"/>
  <system-out><![CDATA[2023-05-26 22:28:37.208  INFO 16590 --- [    Test worker] .b.t.c.SpringBootTestContextBootstrapper : Neither @ContextConfiguration nor @ContextHierarchy found for test class [cart.JwpCartApplicationTests], using SpringBootContextLoader
2023-05-26 22:28:37.208  INFO 16590 --- [    Test worker] o.s.t.c.support.AbstractContextLoader    : Could not detect default resource locations for test class [cart.JwpCartApplicationTests]: no resource found for suffixes {-context.xml, Context.groovy}.
2023-05-26 22:28:37.208  INFO 16590 --- [    Test worker] t.c.s.AnnotationConfigContextLoaderUtils : Could not detect default configuration classes for test class [cart.JwpCartApplicationTests]: JwpCartApplicationTests does not declare any static, non-private, non-final, nested classes annotated with @Configuration.
2023-05-26 22:28:37.209  INFO 16590 --- [    Test worker] .b.t.c.SpringBootTestContextBootstrapper : Found @SpringBootConfiguration cart.JwpCartApplication for test class cart.JwpCartApplicationTests
2023-05-26 22:28:37.209  INFO 16590 --- [    Test worker] .b.t.c.SpringBootTestContextBootstrapper : Loaded default TestExecutionListener class names from location [META-INF/spring.factories]: [org.springframework.boot.test.autoconfigure.restdocs.RestDocsTestExecutionListener, org.springframework.boot.test.autoconfigure.web.client.MockRestServiceServerResetTestExecutionListener, org.springframework.boot.test.autoconfigure.web.servlet.MockMvcPrintOnlyOnFailureTestExecutionListener, org.springframework.boot.test.autoconfigure.web.servlet.WebDriverTestExecutionListener, org.springframework.boot.test.autoconfigure.webservices.client.MockWebServiceServerTestExecutionListener, org.springframework.boot.test.mock.mockito.MockitoTestExecutionListener, org.springframework.boot.test.mock.mockito.ResetMocksTestExecutionListener, org.springframework.test.context.web.ServletTestExecutionListener, org.springframework.test.context.support.DirtiesContextBeforeModesTestExecutionListener, org.springframework.test.context.event.ApplicationEventsTestExecutionListener, org.springframework.test.context.support.DependencyInjectionTestExecutionListener, org.springframework.test.context.support.DirtiesContextTestExecutionListener, org.springframework.test.context.transaction.TransactionalTestExecutionListener, org.springframework.test.context.jdbc.SqlScriptsTestExecutionListener, org.springframework.test.context.event.EventPublishingTestExecutionListener]
2023-05-26 22:28:37.210  INFO 16590 --- [    Test worker] .b.t.c.SpringBootTestContextBootstrapper : Using TestExecutionListeners: [org.springframework.test.context.web.ServletTestExecutionListener@30b981d, org.springframework.test.context.support.DirtiesContextBeforeModesTestExecutionListener@3ad95cad, org.springframework.test.context.event.ApplicationEventsTestExecutionListener@b2a3081, org.springframework.boot.test.mock.mockito.MockitoTestExecutionListener@430f236, org.springframework.boot.test.autoconfigure.SpringBootDependencyInjectionTestExecutionListener@5b2449dd, org.springframework.test.context.support.DirtiesContextTestExecutionListener@2be85a20, org.springframework.test.context.transaction.TransactionalTestExecutionListener@711cc9e4, org.springframework.test.context.jdbc.SqlScriptsTestExecutionListener@723e24b3, org.springframework.test.context.event.EventPublishingTestExecutionListener@badf188, org.springframework.boot.test.autoconfigure.restdocs.RestDocsTestExecutionListener@62fd9387, org.springframework.boot.test.autoconfigure.web.client.MockRestServiceServerResetTestExecutionListener@753925d5, org.springframework.boot.test.autoconfigure.web.servlet.MockMvcPrintOnlyOnFailureTestExecutionListener@76219c7d, org.springframework.boot.test.autoconfigure.web.servlet.WebDriverTestExecutionListener@12641280, org.springframework.boot.test.autoconfigure.webservices.client.MockWebServiceServerTestExecutionListener@1c8bcae0, org.springframework.boot.test.mock.mockito.ResetMocksTestExecutionListener@20a05329]

  .   ____          _            __ _ _
 /\\ / ___'_ __ _ _(_)_ __  __ _ \ \ \ \
( ( )\___ | '_ | '_| | '_ \/ _` | \ \ \ \
 \\/  ___)| |_)| | | | | || (_| |  ) ) ) )
  '  |____| .__|_| |_|_| |_\__, | / / / /
 =========|_|==============|___/=/_/_/_/
 :: Spring Boot ::                (v2.7.9)

2023-05-26 22:28:37.220  INFO 16590 --- [    Test worker] cart.JwpCartApplicationTests             : Starting JwpCartApplicationTests using Java 11.0.17 on shinDui-MacBookPro.local with PID 16590 (started by shin in /Users/shin/Desktop/woowacourse/lv2/jwp-shopping-order)
2023-05-26 22:28:37.221  INFO 16590 --- [    Test worker] cart.JwpCartApplicationTests             : No active profile set, falling back to 1 default profile: "default"
2023-05-26 22:28:37.270  INFO 16590 --- [    Test worker] com.zaxxer.hikari.HikariDataSource       : HikariPool-12 - Starting...
2023-05-26 22:28:37.270  INFO 16590 --- [    Test worker] com.zaxxer.hikari.HikariDataSource       : HikariPool-12 - Start completed.
2023-05-26 22:28:37.317  INFO 16590 --- [    Test worker] cart.JwpCartApplicationTests             : Started JwpCartApplicationTests in 0.104 seconds (JVM running for 6.465)
]]></system-out>
  <system-err><![CDATA[]]></system-err>
</testsuite>
