<?xml version="1.0" encoding="UTF-8"?>
<testsuite name="JdbcProductRepository 은(는)" tests="5" skipped="0" failures="0" errors="0" timestamp="2023-05-26T13:28:37" hostname="shinDui-MacBookPro.local" time="0.016">
  <properties/>
  <testcase name="전체 상품을 조회한다" classname="cart.product.infrastructure.persistence.repository.JdbcProductRepositoryTest" time="0.01"/>
  <testcase name="단일 상품을 조회한다" classname="cart.product.infrastructure.persistence.repository.JdbcProductRepositoryTest" time="0.004"/>
  <testcase name="상품을 수정한다" classname="cart.product.infrastructure.persistence.repository.JdbcProductRepositoryTest" time="0.001"/>
  <testcase name="상품을 제거한다" classname="cart.product.infrastructure.persistence.repository.JdbcProductRepositoryTest" time="0.0"/>
  <testcase name="상품을 저장한다" classname="cart.product.infrastructure.persistence.repository.JdbcProductRepositoryTest" time="0.001"/>
  <system-out><![CDATA[]]></system-out>
  <system-err><![CDATA[]]></system-err>
</testsuite>
