<?xml version="1.0" encoding="UTF-8"?>
<testsuite name="cart.integration.CartItemIntegrationTest" tests="7" skipped="0" failures="0" errors="0" timestamp="2023-06-03T10:14:39" hostname="shinDui-MacBookPro.local" time="2.397">
  <properties/>
  <testcase name="잘못된 사용자 정보로 장바구니에 아이템을 추가 요청시 실패한다." classname="cart.integration.CartItemIntegrationTest" time="0.354"/>
  <testcase name="장바구니에 담긴 아이템을 삭제한다." classname="cart.integration.CartItemIntegrationTest" time="0.355"/>
  <testcase name="다른 사용자가 담은 장바구니 아이템의 수량을 변경하려 하면 실패한다." classname="cart.integration.CartItemIntegrationTest" time="0.33"/>
  <testcase name="장바구니에 아이템을 추가한다." classname="cart.integration.CartItemIntegrationTest" time="0.315"/>
  <testcase name="장바구니에 담긴 아이템의 수량을 변경한다." classname="cart.integration.CartItemIntegrationTest" time="0.366"/>
  <testcase name="사용자가 담은 장바구니 아이템을 조회한다." classname="cart.integration.CartItemIntegrationTest" time="0.343"/>
  <testcase name="장바구니에 담긴 아이템의 수량을 0으로 변경하면, 장바구니에서 아이템이 삭제된다." classname="cart.integration.CartItemIntegrationTest" time="0.33"/>
  <system-out><![CDATA[2023-06-03 19:14:39.343  INFO 202 --- [    Test worker] .b.t.c.SpringBootTestContextBootstrapper : Neither @ContextConfiguration nor @ContextHierarchy found for test class [cart.integration.CartItemIntegrationTest], using SpringBootContextLoader
2023-06-03 19:14:39.343  INFO 202 --- [    Test worker] o.s.t.c.support.AbstractContextLoader    : Could not detect default resource locations for test class [cart.integration.CartItemIntegrationTest]: no resource found for suffixes {-context.xml, Context.groovy}.
2023-06-03 19:14:39.343  INFO 202 --- [    Test worker] t.c.s.AnnotationConfigContextLoaderUtils : Could not detect default configuration classes for test class [cart.integration.CartItemIntegrationTest]: CartItemIntegrationTest does not declare any static, non-private, non-final, nested classes annotated with @Configuration.
2023-06-03 19:14:39.344  INFO 202 --- [    Test worker] .b.t.c.SpringBootTestContextBootstrapper : Found @SpringBootConfiguration cart.JwpCartApplication for test class cart.integration.CartItemIntegrationTest
2023-06-03 19:14:39.345  INFO 202 --- [    Test worker] .b.t.c.SpringBootTestContextBootstrapper : Loaded default TestExecutionListener class names from location [META-INF/spring.factories]: [org.springframework.boot.test.autoconfigure.restdocs.RestDocsTestExecutionListener, org.springframework.boot.test.autoconfigure.web.client.MockRestServiceServerResetTestExecutionListener, org.springframework.boot.test.autoconfigure.web.servlet.MockMvcPrintOnlyOnFailureTestExecutionListener, org.springframework.boot.test.autoconfigure.web.servlet.WebDriverTestExecutionListener, org.springframework.boot.test.autoconfigure.webservices.client.MockWebServiceServerTestExecutionListener, org.springframework.boot.test.mock.mockito.MockitoTestExecutionListener, org.springframework.boot.test.mock.mockito.ResetMocksTestExecutionListener, org.springframework.test.context.web.ServletTestExecutionListener, org.springframework.test.context.support.DirtiesContextBeforeModesTestExecutionListener, org.springframework.test.context.event.ApplicationEventsTestExecutionListener, org.springframework.test.context.support.DependencyInjectionTestExecutionListener, org.springframework.test.context.support.DirtiesContextTestExecutionListener, org.springframework.test.context.transaction.TransactionalTestExecutionListener, org.springframework.test.context.jdbc.SqlScriptsTestExecutionListener, org.springframework.test.context.event.EventPublishingTestExecutionListener]
2023-06-03 19:14:39.345  INFO 202 --- [    Test worker] .b.t.c.SpringBootTestContextBootstrapper : Using TestExecutionListeners: [org.springframework.test.context.web.ServletTestExecutionListener@6db21baf, org.springframework.test.context.support.DirtiesContextBeforeModesTestExecutionListener@6ea68b79, org.springframework.test.context.event.ApplicationEventsTestExecutionListener@381c0d1a, org.springframework.boot.test.mock.mockito.MockitoTestExecutionListener@194544e6, org.springframework.boot.test.autoconfigure.SpringBootDependencyInjectionTestExecutionListener@64574b02, org.springframework.test.context.support.DirtiesContextTestExecutionListener@3e70f9b2, org.springframework.test.context.transaction.TransactionalTestExecutionListener@665c47bb, org.springframework.test.context.jdbc.SqlScriptsTestExecutionListener@550d4de2, org.springframework.test.context.event.EventPublishingTestExecutionListener@bdc031a, org.springframework.boot.test.autoconfigure.restdocs.RestDocsTestExecutionListener@3258d6ba, org.springframework.boot.test.autoconfigure.web.client.MockRestServiceServerResetTestExecutionListener@363d2ed5, org.springframework.boot.test.autoconfigure.web.servlet.MockMvcPrintOnlyOnFailureTestExecutionListener@9e017ad, org.springframework.boot.test.autoconfigure.web.servlet.WebDriverTestExecutionListener@62cf1158, org.springframework.boot.test.autoconfigure.webservices.client.MockWebServiceServerTestExecutionListener@16d6f6bd, org.springframework.boot.test.mock.mockito.ResetMocksTestExecutionListener@49422934]
2023-06-03 19:14:39.349  INFO 202 --- [    Test worker] o.apache.catalina.core.StandardService   : Stopping service [Tomcat]
2023-06-03 19:14:39.349  INFO 202 --- [    Test worker] o.a.c.c.C.[Tomcat].[localhost].[/]       : Destroying Spring FrameworkServlet 'dispatcherServlet'
2023-06-03 19:14:39.352  INFO 202 --- [    Test worker] com.zaxxer.hikari.HikariDataSource       : HikariPool-4 - Shutdown initiated...
2023-06-03 19:14:39.354  INFO 202 --- [    Test worker] com.zaxxer.hikari.HikariDataSource       : HikariPool-4 - Shutdown completed.

  .   ____          _            __ _ _
 /\\ / ___'_ __ _ _(_)_ __  __ _ \ \ \ \
( ( )\___ | '_ | '_| | '_ \/ _` | \ \ \ \
 \\/  ___)| |_)| | | | | || (_| |  ) ) ) )
  '  |____| .__|_| |_|_| |_\__, | / / / /
 =========|_|==============|___/=/_/_/_/
 :: Spring Boot ::                (v2.7.9)

2023-06-03 19:14:39.368  INFO 202 --- [    Test worker] c.integration.CartItemIntegrationTest    : Starting CartItemIntegrationTest using Java 11.0.17 on shinDui-MacBookPro.local with PID 202 (started by shin in /Users/shin/Desktop/aws/bapo-test)
2023-06-03 19:14:39.368  INFO 202 --- [    Test worker] c.integration.CartItemIntegrationTest    : No active profile set, falling back to 1 default profile: "default"
2023-06-03 19:14:39.468  INFO 202 --- [    Test worker] o.s.b.w.embedded.tomcat.TomcatWebServer  : Tomcat initialized with port(s): 0 (http)
2023-06-03 19:14:39.469  INFO 202 --- [    Test worker] o.apache.catalina.core.StandardService   : Starting service [Tomcat]
2023-06-03 19:14:39.469  INFO 202 --- [    Test worker] org.apache.catalina.core.StandardEngine  : Starting Servlet engine: [Apache Tomcat/9.0.71]
2023-06-03 19:14:39.476  INFO 202 --- [    Test worker] o.a.c.c.C.[Tomcat].[localhost].[/]       : Initializing Spring embedded WebApplicationContext
2023-06-03 19:14:39.476  INFO 202 --- [    Test worker] w.s.c.ServletWebServerApplicationContext : Root WebApplicationContext: initialization completed in 107 ms
2023-06-03 19:14:39.505  INFO 202 --- [    Test worker] com.zaxxer.hikari.HikariDataSource       : HikariPool-5 - Starting...
2023-06-03 19:14:39.507  INFO 202 --- [    Test worker] com.zaxxer.hikari.HikariDataSource       : HikariPool-5 - Start completed.
2023-06-03 19:14:39.641  INFO 202 --- [    Test worker] o.s.b.w.embedded.tomcat.TomcatWebServer  : Tomcat started on port(s): 63695 (http) with context path ''
2023-06-03 19:14:39.642  INFO 202 --- [    Test worker] c.integration.CartItemIntegrationTest    : Started CartItemIntegrationTest in 0.286 seconds (JVM running for 5.195)
2023-06-03 19:14:39.651  INFO 202 --- [o-auto-5-exec-1] o.a.c.c.C.[Tomcat].[localhost].[/]       : Initializing Spring DispatcherServlet 'dispatcherServlet'
2023-06-03 19:14:39.651  INFO 202 --- [o-auto-5-exec-1] o.s.web.servlet.DispatcherServlet        : Initializing Servlet 'dispatcherServlet'
2023-06-03 19:14:39.652  INFO 202 --- [o-auto-5-exec-1] o.s.web.servlet.DispatcherServlet        : Completed initialization in 1 ms
Request method:	POST
Request URI:	http://localhost:63695/cart-items
Proxy:			<none>
Request params:	<none>
Query params:	<none>
Form params:	<none>
Path params:	<none>
Headers:		Authorization=Basic YUBhLmNvbToxMjM0YXNkZg==
				Accept=*/*
				Content-Type=application/json
Cookies:		<none>
Multiparts:		<none>
Body:
{
    "productId": 4
}
2023-06-03 19:14:39.693  WARN 202 --- [o-auto-5-exec-3] c.c.e.ControllerExceptionHandler         : error = ExceptionResponse{code=300, message='인증정보가 잘못되었습니다.'}
HTTP/1.1 401 
Vary: Origin
Vary: Access-Control-Request-Method
Vary: Access-Control-Request-Headers
Content-Type: application/json
Transfer-Encoding: chunked
Date: Sat, 03 Jun 2023 10:14:39 GMT
Keep-Alive: timeout=60
Connection: keep-alive

{
    "code": 300,
    "message": "인증정보가 잘못되었습니다."
}
2023-06-03 19:14:39.703  INFO 202 --- [    Test worker] o.apache.catalina.core.StandardService   : Stopping service [Tomcat]
2023-06-03 19:14:39.704  INFO 202 --- [    Test worker] o.a.c.c.C.[Tomcat].[localhost].[/]       : Destroying Spring FrameworkServlet 'dispatcherServlet'
2023-06-03 19:14:39.706  INFO 202 --- [    Test worker] com.zaxxer.hikari.HikariDataSource       : HikariPool-5 - Shutdown initiated...
2023-06-03 19:14:39.706  INFO 202 --- [    Test worker] com.zaxxer.hikari.HikariDataSource       : HikariPool-5 - Shutdown completed.

  .   ____          _            __ _ _
 /\\ / ___'_ __ _ _(_)_ __  __ _ \ \ \ \
( ( )\___ | '_ | '_| | '_ \/ _` | \ \ \ \
 \\/  ___)| |_)| | | | | || (_| |  ) ) ) )
  '  |____| .__|_| |_|_| |_\__, | / / / /
 =========|_|==============|___/=/_/_/_/
 :: Spring Boot ::                (v2.7.9)

2023-06-03 19:14:39.717  INFO 202 --- [    Test worker] c.integration.CartItemIntegrationTest    : Starting CartItemIntegrationTest using Java 11.0.17 on shinDui-MacBookPro.local with PID 202 (started by shin in /Users/shin/Desktop/aws/bapo-test)
2023-06-03 19:14:39.717  INFO 202 --- [    Test worker] c.integration.CartItemIntegrationTest    : No active profile set, falling back to 1 default profile: "default"
2023-06-03 19:14:39.815  INFO 202 --- [    Test worker] o.s.b.w.embedded.tomcat.TomcatWebServer  : Tomcat initialized with port(s): 0 (http)
2023-06-03 19:14:39.815  INFO 202 --- [    Test worker] o.apache.catalina.core.StandardService   : Starting service [Tomcat]
2023-06-03 19:14:39.815  INFO 202 --- [    Test worker] org.apache.catalina.core.StandardEngine  : Starting Servlet engine: [Apache Tomcat/9.0.71]
2023-06-03 19:14:39.822  INFO 202 --- [    Test worker] o.a.c.c.C.[Tomcat].[localhost].[/]       : Initializing Spring embedded WebApplicationContext
2023-06-03 19:14:39.822  INFO 202 --- [    Test worker] w.s.c.ServletWebServerApplicationContext : Root WebApplicationContext: initialization completed in 104 ms
2023-06-03 19:14:39.853  INFO 202 --- [    Test worker] com.zaxxer.hikari.HikariDataSource       : HikariPool-6 - Starting...
2023-06-03 19:14:39.854  INFO 202 --- [    Test worker] com.zaxxer.hikari.HikariDataSource       : HikariPool-6 - Start completed.
2023-06-03 19:14:39.984  INFO 202 --- [    Test worker] o.s.b.w.embedded.tomcat.TomcatWebServer  : Tomcat started on port(s): 63700 (http) with context path ''
2023-06-03 19:14:39.985  INFO 202 --- [    Test worker] c.integration.CartItemIntegrationTest    : Started CartItemIntegrationTest in 0.278 seconds (JVM running for 5.538)
2023-06-03 19:14:39.993  INFO 202 --- [o-auto-6-exec-1] o.a.c.c.C.[Tomcat].[localhost].[/]       : Initializing Spring DispatcherServlet 'dispatcherServlet'
2023-06-03 19:14:39.993  INFO 202 --- [o-auto-6-exec-1] o.s.web.servlet.DispatcherServlet        : Initializing Servlet 'dispatcherServlet'
2023-06-03 19:14:39.994  INFO 202 --- [o-auto-6-exec-1] o.s.web.servlet.DispatcherServlet        : Completed initialization in 1 ms
Request method:	POST
Request URI:	http://localhost:63700/cart-items
Proxy:			<none>
Request params:	<none>
Query params:	<none>
Form params:	<none>
Path params:	<none>
Headers:		Authorization=Basic YUBhLmNvbToxMjM0
				Accept=*/*
				Content-Type=application/json
Cookies:		<none>
Multiparts:		<none>
Body:
{
    "productId": 4
}
HTTP/1.1 201 
Vary: Origin
Vary: Access-Control-Request-Method
Vary: Access-Control-Request-Headers
Location: /cart-items/4
Content-Length: 0
Date: Sat, 03 Jun 2023 10:14:39 GMT
Keep-Alive: timeout=60
Connection: keep-alive
Request method:	DELETE
Request URI:	http://localhost:63700/cart-items/4
Proxy:			<none>
Request params:	<none>
Query params:	<none>
Form params:	<none>
Path params:	<none>
Headers:		Authorization=Basic YUBhLmNvbToxMjM0
				Accept=*/*
				Content-Type=application/json
Cookies:		<none>
Multiparts:		<none>
Body:			<none>
HTTP/1.1 204 
Vary: Origin
Vary: Access-Control-Request-Method
Vary: Access-Control-Request-Headers
Date: Sat, 03 Jun 2023 10:14:39 GMT
Keep-Alive: timeout=60
Connection: keep-alive
Request method:	GET
Request URI:	http://localhost:63700/cart-items
Proxy:			<none>
Request params:	<none>
Query params:	<none>
Form params:	<none>
Path params:	<none>
Headers:		Authorization=Basic YUBhLmNvbToxMjM0
				Accept=*/*
				Content-Type=application/json
Cookies:		<none>
Multiparts:		<none>
Body:			<none>
HTTP/1.1 200 
Vary: Origin
Vary: Access-Control-Request-Method
Vary: Access-Control-Request-Headers
Content-Type: application/json
Transfer-Encoding: chunked
Date: Sat, 03 Jun 2023 10:14:39 GMT
Keep-Alive: timeout=60
Connection: keep-alive

[
    {
        "id": 1,
        "quantity": 2,
        "product": {
            "id": 1,
            "name": "치킨",
            "price": 10000,
            "imageUrl": "https://images.unsplash.com/photo-1626082927389-6cd097cdc6ec?ixlib=rb-4.0.3&ixid=MnwxMjA3fDB8MHxwaG90by1wYWdlfHx8fGVufDB8fHx8&auto=format&fit=crop&w=2370&q=80"
        }
    },
    {
        "id": 2,
        "quantity": 4,
        "product": {
            "id": 2,
            "name": "샐러드",
            "price": 20000,
            "imageUrl": "https://images.unsplash.com/photo-1512621776951-a57141f2eefd?ixlib=rb-4.0.3&ixid=MnwxMjA3fDB8MHxwaG90by1wYWdlfHx8fGVufDB8fHx8&auto=format&fit=crop&w=2370&q=80"
        }
    }
]
2023-06-03 19:14:40.059  INFO 202 --- [    Test worker] o.apache.catalina.core.StandardService   : Stopping service [Tomcat]
2023-06-03 19:14:40.060  INFO 202 --- [    Test worker] o.a.c.c.C.[Tomcat].[localhost].[/]       : Destroying Spring FrameworkServlet 'dispatcherServlet'
2023-06-03 19:14:40.062  INFO 202 --- [    Test worker] com.zaxxer.hikari.HikariDataSource       : HikariPool-6 - Shutdown initiated...
2023-06-03 19:14:40.063  INFO 202 --- [    Test worker] com.zaxxer.hikari.HikariDataSource       : HikariPool-6 - Shutdown completed.

  .   ____          _            __ _ _
 /\\ / ___'_ __ _ _(_)_ __  __ _ \ \ \ \
( ( )\___ | '_ | '_| | '_ \/ _` | \ \ \ \
 \\/  ___)| |_)| | | | | || (_| |  ) ) ) )
  '  |____| .__|_| |_|_| |_\__, | / / / /
 =========|_|==============|___/=/_/_/_/
 :: Spring Boot ::                (v2.7.9)

2023-06-03 19:14:40.073  INFO 202 --- [    Test worker] c.integration.CartItemIntegrationTest    : Starting CartItemIntegrationTest using Java 11.0.17 on shinDui-MacBookPro.local with PID 202 (started by shin in /Users/shin/Desktop/aws/bapo-test)
2023-06-03 19:14:40.073  INFO 202 --- [    Test worker] c.integration.CartItemIntegrationTest    : No active profile set, falling back to 1 default profile: "default"
2023-06-03 19:14:40.169  INFO 202 --- [    Test worker] o.s.b.w.embedded.tomcat.TomcatWebServer  : Tomcat initialized with port(s): 0 (http)
2023-06-03 19:14:40.169  INFO 202 --- [    Test worker] o.apache.catalina.core.StandardService   : Starting service [Tomcat]
2023-06-03 19:14:40.169  INFO 202 --- [    Test worker] org.apache.catalina.core.StandardEngine  : Starting Servlet engine: [Apache Tomcat/9.0.71]
2023-06-03 19:14:40.176  INFO 202 --- [    Test worker] o.a.c.c.C.[Tomcat].[localhost].[/]       : Initializing Spring embedded WebApplicationContext
2023-06-03 19:14:40.176  INFO 202 --- [    Test worker] w.s.c.ServletWebServerApplicationContext : Root WebApplicationContext: initialization completed in 102 ms
2023-06-03 19:14:40.208  INFO 202 --- [    Test worker] com.zaxxer.hikari.HikariDataSource       : HikariPool-7 - Starting...
2023-06-03 19:14:40.209  INFO 202 --- [    Test worker] com.zaxxer.hikari.HikariDataSource       : HikariPool-7 - Start completed.
2023-06-03 19:14:40.337  INFO 202 --- [    Test worker] o.s.b.w.embedded.tomcat.TomcatWebServer  : Tomcat started on port(s): 63710 (http) with context path ''
2023-06-03 19:14:40.338  INFO 202 --- [    Test worker] c.integration.CartItemIntegrationTest    : Started CartItemIntegrationTest in 0.275 seconds (JVM running for 5.891)
2023-06-03 19:14:40.346  INFO 202 --- [o-auto-7-exec-1] o.a.c.c.C.[Tomcat].[localhost].[/]       : Initializing Spring DispatcherServlet 'dispatcherServlet'
2023-06-03 19:14:40.346  INFO 202 --- [o-auto-7-exec-1] o.s.web.servlet.DispatcherServlet        : Initializing Servlet 'dispatcherServlet'
2023-06-03 19:14:40.346  INFO 202 --- [o-auto-7-exec-1] o.s.web.servlet.DispatcherServlet        : Completed initialization in 0 ms
Request method:	POST
Request URI:	http://localhost:63710/cart-items
Proxy:			<none>
Request params:	<none>
Query params:	<none>
Form params:	<none>
Path params:	<none>
Headers:		Authorization=Basic YUBhLmNvbToxMjM0
				Accept=*/*
				Content-Type=application/json
Cookies:		<none>
Multiparts:		<none>
Body:
{
    "productId": 4
}
HTTP/1.1 201 
Vary: Origin
Vary: Access-Control-Request-Method
Vary: Access-Control-Request-Headers
Location: /cart-items/4
Content-Length: 0
Date: Sat, 03 Jun 2023 10:14:39 GMT
Keep-Alive: timeout=60
Connection: keep-alive
Request method:	PATCH
Request URI:	http://localhost:63710/cart-items/4
Proxy:			<none>
Request params:	<none>
Query params:	<none>
Form params:	<none>
Path params:	<none>
Headers:		Authorization=Basic YkBiLmNvbToxMjM0
				Accept=*/*
				Content-Type=application/json
Cookies:		<none>
Multiparts:		<none>
Body:
{
    "quantity": 10
}
2023-06-03 19:14:40.383  WARN 202 --- [o-auto-7-exec-4] c.c.e.ControllerExceptionHandler         : error = ExceptionResponse{code=101, message='상품을 수정할 권한이 없습니다.'}
HTTP/1.1 403 
Vary: Origin
Vary: Access-Control-Request-Method
Vary: Access-Control-Request-Headers
Content-Type: application/json
Transfer-Encoding: chunked
Date: Sat, 03 Jun 2023 10:14:39 GMT
Keep-Alive: timeout=60
Connection: keep-alive

{
    "code": 101,
    "message": "상품을 수정할 권한이 없습니다."
}
2023-06-03 19:14:40.390  INFO 202 --- [    Test worker] o.apache.catalina.core.StandardService   : Stopping service [Tomcat]
2023-06-03 19:14:40.390  INFO 202 --- [    Test worker] o.a.c.c.C.[Tomcat].[localhost].[/]       : Destroying Spring FrameworkServlet 'dispatcherServlet'
2023-06-03 19:14:40.392  INFO 202 --- [    Test worker] com.zaxxer.hikari.HikariDataSource       : HikariPool-7 - Shutdown initiated...
2023-06-03 19:14:40.392  INFO 202 --- [    Test worker] com.zaxxer.hikari.HikariDataSource       : HikariPool-7 - Shutdown completed.

  .   ____          _            __ _ _
 /\\ / ___'_ __ _ _(_)_ __  __ _ \ \ \ \
( ( )\___ | '_ | '_| | '_ \/ _` | \ \ \ \
 \\/  ___)| |_)| | | | | || (_| |  ) ) ) )
  '  |____| .__|_| |_|_| |_\__, | / / / /
 =========|_|==============|___/=/_/_/_/
 :: Spring Boot ::                (v2.7.9)

2023-06-03 19:14:40.401  INFO 202 --- [    Test worker] c.integration.CartItemIntegrationTest    : Starting CartItemIntegrationTest using Java 11.0.17 on shinDui-MacBookPro.local with PID 202 (started by shin in /Users/shin/Desktop/aws/bapo-test)
2023-06-03 19:14:40.401  INFO 202 --- [    Test worker] c.integration.CartItemIntegrationTest    : No active profile set, falling back to 1 default profile: "default"
2023-06-03 19:14:40.511  INFO 202 --- [    Test worker] o.s.b.w.embedded.tomcat.TomcatWebServer  : Tomcat initialized with port(s): 0 (http)
2023-06-03 19:14:40.511  INFO 202 --- [    Test worker] o.apache.catalina.core.StandardService   : Starting service [Tomcat]
2023-06-03 19:14:40.511  INFO 202 --- [    Test worker] org.apache.catalina.core.StandardEngine  : Starting Servlet engine: [Apache Tomcat/9.0.71]
2023-06-03 19:14:40.518  INFO 202 --- [    Test worker] o.a.c.c.C.[Tomcat].[localhost].[/]       : Initializing Spring embedded WebApplicationContext
2023-06-03 19:14:40.518  INFO 202 --- [    Test worker] w.s.c.ServletWebServerApplicationContext : Root WebApplicationContext: initialization completed in 116 ms
2023-06-03 19:14:40.551  INFO 202 --- [    Test worker] com.zaxxer.hikari.HikariDataSource       : HikariPool-8 - Starting...
2023-06-03 19:14:40.552  INFO 202 --- [    Test worker] com.zaxxer.hikari.HikariDataSource       : HikariPool-8 - Start completed.
2023-06-03 19:14:40.672  INFO 202 --- [    Test worker] o.s.b.w.embedded.tomcat.TomcatWebServer  : Tomcat started on port(s): 63716 (http) with context path ''
2023-06-03 19:14:40.673  INFO 202 --- [    Test worker] c.integration.CartItemIntegrationTest    : Started CartItemIntegrationTest in 0.28 seconds (JVM running for 6.226)
2023-06-03 19:14:40.680  INFO 202 --- [o-auto-8-exec-1] o.a.c.c.C.[Tomcat].[localhost].[/]       : Initializing Spring DispatcherServlet 'dispatcherServlet'
2023-06-03 19:14:40.681  INFO 202 --- [o-auto-8-exec-1] o.s.web.servlet.DispatcherServlet        : Initializing Servlet 'dispatcherServlet'
2023-06-03 19:14:40.681  INFO 202 --- [o-auto-8-exec-1] o.s.web.servlet.DispatcherServlet        : Completed initialization in 0 ms
Request method:	POST
Request URI:	http://localhost:63716/cart-items
Proxy:			<none>
Request params:	<none>
Query params:	<none>
Form params:	<none>
Path params:	<none>
Headers:		Authorization=Basic YUBhLmNvbToxMjM0
				Accept=*/*
				Content-Type=application/json
Cookies:		<none>
Multiparts:		<none>
Body:
{
    "productId": 4
}
HTTP/1.1 201 
Vary: Origin
Vary: Access-Control-Request-Method
Vary: Access-Control-Request-Headers
Location: /cart-items/4
Content-Length: 0
Date: Sat, 03 Jun 2023 10:14:40 GMT
Keep-Alive: timeout=60
Connection: keep-alive
2023-06-03 19:14:40.704  INFO 202 --- [    Test worker] o.apache.catalina.core.StandardService   : Stopping service [Tomcat]
2023-06-03 19:14:40.704  INFO 202 --- [    Test worker] o.a.c.c.C.[Tomcat].[localhost].[/]       : Destroying Spring FrameworkServlet 'dispatcherServlet'
2023-06-03 19:14:40.712  INFO 202 --- [    Test worker] com.zaxxer.hikari.HikariDataSource       : HikariPool-8 - Shutdown initiated...
2023-06-03 19:14:40.712  INFO 202 --- [    Test worker] com.zaxxer.hikari.HikariDataSource       : HikariPool-8 - Shutdown completed.

  .   ____          _            __ _ _
 /\\ / ___'_ __ _ _(_)_ __  __ _ \ \ \ \
( ( )\___ | '_ | '_| | '_ \/ _` | \ \ \ \
 \\/  ___)| |_)| | | | | || (_| |  ) ) ) )
  '  |____| .__|_| |_|_| |_\__, | / / / /
 =========|_|==============|___/=/_/_/_/
 :: Spring Boot ::                (v2.7.9)

2023-06-03 19:14:40.724  INFO 202 --- [    Test worker] c.integration.CartItemIntegrationTest    : Starting CartItemIntegrationTest using Java 11.0.17 on shinDui-MacBookPro.local with PID 202 (started by shin in /Users/shin/Desktop/aws/bapo-test)
2023-06-03 19:14:40.724  INFO 202 --- [    Test worker] c.integration.CartItemIntegrationTest    : No active profile set, falling back to 1 default profile: "default"
2023-06-03 19:14:40.822  INFO 202 --- [    Test worker] o.s.b.w.embedded.tomcat.TomcatWebServer  : Tomcat initialized with port(s): 0 (http)
2023-06-03 19:14:40.822  INFO 202 --- [    Test worker] o.apache.catalina.core.StandardService   : Starting service [Tomcat]
2023-06-03 19:14:40.822  INFO 202 --- [    Test worker] org.apache.catalina.core.StandardEngine  : Starting Servlet engine: [Apache Tomcat/9.0.71]
2023-06-03 19:14:40.829  INFO 202 --- [    Test worker] o.a.c.c.C.[Tomcat].[localhost].[/]       : Initializing Spring embedded WebApplicationContext
2023-06-03 19:14:40.829  INFO 202 --- [    Test worker] w.s.c.ServletWebServerApplicationContext : Root WebApplicationContext: initialization completed in 105 ms
2023-06-03 19:14:40.860  INFO 202 --- [    Test worker] com.zaxxer.hikari.HikariDataSource       : HikariPool-9 - Starting...
2023-06-03 19:14:40.864  INFO 202 --- [    Test worker] com.zaxxer.hikari.HikariDataSource       : HikariPool-9 - Start completed.
2023-06-03 19:14:40.983  INFO 202 --- [    Test worker] o.s.b.w.embedded.tomcat.TomcatWebServer  : Tomcat started on port(s): 63721 (http) with context path ''
2023-06-03 19:14:40.984  INFO 202 --- [    Test worker] c.integration.CartItemIntegrationTest    : Started CartItemIntegrationTest in 0.271 seconds (JVM running for 6.537)
2023-06-03 19:14:40.993  INFO 202 --- [o-auto-9-exec-1] o.a.c.c.C.[Tomcat].[localhost].[/]       : Initializing Spring DispatcherServlet 'dispatcherServlet'
2023-06-03 19:14:40.993  INFO 202 --- [o-auto-9-exec-1] o.s.web.servlet.DispatcherServlet        : Initializing Servlet 'dispatcherServlet'
2023-06-03 19:14:40.994  INFO 202 --- [o-auto-9-exec-1] o.s.web.servlet.DispatcherServlet        : Completed initialization in 1 ms
Request method:	POST
Request URI:	http://localhost:63721/cart-items
Proxy:			<none>
Request params:	<none>
Query params:	<none>
Form params:	<none>
Path params:	<none>
Headers:		Authorization=Basic YUBhLmNvbToxMjM0
				Accept=*/*
				Content-Type=application/json
Cookies:		<none>
Multiparts:		<none>
Body:
{
    "productId": 4
}
HTTP/1.1 201 
Vary: Origin
Vary: Access-Control-Request-Method
Vary: Access-Control-Request-Headers
Location: /cart-items/4
Content-Length: 0
Date: Sat, 03 Jun 2023 10:14:40 GMT
Keep-Alive: timeout=60
Connection: keep-alive
Request method:	PATCH
Request URI:	http://localhost:63721/cart-items/4
Proxy:			<none>
Request params:	<none>
Query params:	<none>
Form params:	<none>
Path params:	<none>
Headers:		Authorization=Basic YUBhLmNvbToxMjM0
				Accept=*/*
				Content-Type=application/json
Cookies:		<none>
Multiparts:		<none>
Body:
{
    "quantity": 10
}
HTTP/1.1 200 
Vary: Origin
Vary: Access-Control-Request-Method
Vary: Access-Control-Request-Headers
Content-Length: 0
Date: Sat, 03 Jun 2023 10:14:40 GMT
Keep-Alive: timeout=60
Connection: keep-alive
Request method:	GET
Request URI:	http://localhost:63721/cart-items
Proxy:			<none>
Request params:	<none>
Query params:	<none>
Form params:	<none>
Path params:	<none>
Headers:		Authorization=Basic YUBhLmNvbToxMjM0
				Accept=*/*
				Content-Type=application/json
Cookies:		<none>
Multiparts:		<none>
Body:			<none>
HTTP/1.1 200 
Vary: Origin
Vary: Access-Control-Request-Method
Vary: Access-Control-Request-Headers
Content-Type: application/json
Transfer-Encoding: chunked
Date: Sat, 03 Jun 2023 10:14:40 GMT
Keep-Alive: timeout=60
Connection: keep-alive

[
    {
        "id": 1,
        "quantity": 2,
        "product": {
            "id": 1,
            "name": "치킨",
            "price": 10000,
            "imageUrl": "https://images.unsplash.com/photo-1626082927389-6cd097cdc6ec?ixlib=rb-4.0.3&ixid=MnwxMjA3fDB8MHxwaG90by1wYWdlfHx8fGVufDB8fHx8&auto=format&fit=crop&w=2370&q=80"
        }
    },
    {
        "id": 2,
        "quantity": 4,
        "product": {
            "id": 2,
            "name": "샐러드",
            "price": 20000,
            "imageUrl": "https://images.unsplash.com/photo-1512621776951-a57141f2eefd?ixlib=rb-4.0.3&ixid=MnwxMjA3fDB8MHxwaG90by1wYWdlfHx8fGVufDB8fHx8&auto=format&fit=crop&w=2370&q=80"
        }
    },
    {
        "id": 4,
        "quantity": 10,
        "product": {
            "id": 4,
            "name": "치킨",
            "price": 10000,
            "imageUrl": "http://example.com/chicken.jpg"
        }
    }
]
2023-06-03 19:14:41.071  INFO 202 --- [    Test worker] o.apache.catalina.core.StandardService   : Stopping service [Tomcat]
2023-06-03 19:14:41.071  INFO 202 --- [    Test worker] o.a.c.c.C.[Tomcat].[localhost].[/]       : Destroying Spring FrameworkServlet 'dispatcherServlet'
2023-06-03 19:14:41.073  INFO 202 --- [    Test worker] com.zaxxer.hikari.HikariDataSource       : HikariPool-9 - Shutdown initiated...
2023-06-03 19:14:41.074  INFO 202 --- [    Test worker] com.zaxxer.hikari.HikariDataSource       : HikariPool-9 - Shutdown completed.

  .   ____          _            __ _ _
 /\\ / ___'_ __ _ _(_)_ __  __ _ \ \ \ \
( ( )\___ | '_ | '_| | '_ \/ _` | \ \ \ \
 \\/  ___)| |_)| | | | | || (_| |  ) ) ) )
  '  |____| .__|_| |_|_| |_\__, | / / / /
 =========|_|==============|___/=/_/_/_/
 :: Spring Boot ::                (v2.7.9)

2023-06-03 19:14:41.083  INFO 202 --- [    Test worker] c.integration.CartItemIntegrationTest    : Starting CartItemIntegrationTest using Java 11.0.17 on shinDui-MacBookPro.local with PID 202 (started by shin in /Users/shin/Desktop/aws/bapo-test)
2023-06-03 19:14:41.083  INFO 202 --- [    Test worker] c.integration.CartItemIntegrationTest    : No active profile set, falling back to 1 default profile: "default"
2023-06-03 19:14:41.187  INFO 202 --- [    Test worker] o.s.b.w.embedded.tomcat.TomcatWebServer  : Tomcat initialized with port(s): 0 (http)
2023-06-03 19:14:41.188  INFO 202 --- [    Test worker] o.apache.catalina.core.StandardService   : Starting service [Tomcat]
2023-06-03 19:14:41.188  INFO 202 --- [    Test worker] org.apache.catalina.core.StandardEngine  : Starting Servlet engine: [Apache Tomcat/9.0.71]
2023-06-03 19:14:41.195  INFO 202 --- [    Test worker] o.a.c.c.C.[Tomcat].[localhost].[/]       : Initializing Spring embedded WebApplicationContext
2023-06-03 19:14:41.195  INFO 202 --- [    Test worker] w.s.c.ServletWebServerApplicationContext : Root WebApplicationContext: initialization completed in 111 ms
2023-06-03 19:14:41.222  INFO 202 --- [    Test worker] com.zaxxer.hikari.HikariDataSource       : HikariPool-10 - Starting...
2023-06-03 19:14:41.223  INFO 202 --- [    Test worker] com.zaxxer.hikari.HikariDataSource       : HikariPool-10 - Start completed.
2023-06-03 19:14:41.346  INFO 202 --- [    Test worker] o.s.b.w.embedded.tomcat.TomcatWebServer  : Tomcat started on port(s): 63728 (http) with context path ''
2023-06-03 19:14:41.348  INFO 202 --- [    Test worker] c.integration.CartItemIntegrationTest    : Started CartItemIntegrationTest in 0.273 seconds (JVM running for 6.9)
2023-06-03 19:14:41.355  INFO 202 --- [-auto-10-exec-1] o.a.c.c.C.[Tomcat].[localhost].[/]       : Initializing Spring DispatcherServlet 'dispatcherServlet'
2023-06-03 19:14:41.355  INFO 202 --- [-auto-10-exec-1] o.s.web.servlet.DispatcherServlet        : Initializing Servlet 'dispatcherServlet'
2023-06-03 19:14:41.355  INFO 202 --- [-auto-10-exec-1] o.s.web.servlet.DispatcherServlet        : Completed initialization in 0 ms
Request method:	POST
Request URI:	http://localhost:63728/cart-items
Proxy:			<none>
Request params:	<none>
Query params:	<none>
Form params:	<none>
Path params:	<none>
Headers:		Authorization=Basic YUBhLmNvbToxMjM0
				Accept=*/*
				Content-Type=application/json
Cookies:		<none>
Multiparts:		<none>
Body:
{
    "productId": 4
}
HTTP/1.1 201 
Vary: Origin
Vary: Access-Control-Request-Method
Vary: Access-Control-Request-Headers
Location: /cart-items/4
Content-Length: 0
Date: Sat, 03 Jun 2023 10:14:40 GMT
Keep-Alive: timeout=60
Connection: keep-alive
Request method:	POST
Request URI:	http://localhost:63728/cart-items
Proxy:			<none>
Request params:	<none>
Query params:	<none>
Form params:	<none>
Path params:	<none>
Headers:		Authorization=Basic YUBhLmNvbToxMjM0
				Accept=*/*
				Content-Type=application/json
Cookies:		<none>
Multiparts:		<none>
Body:
{
    "productId": 5
}
HTTP/1.1 201 
Vary: Origin
Vary: Access-Control-Request-Method
Vary: Access-Control-Request-Headers
Location: /cart-items/5
Content-Length: 0
Date: Sat, 03 Jun 2023 10:14:40 GMT
Keep-Alive: timeout=60
Connection: keep-alive
Request method:	GET
Request URI:	http://localhost:63728/cart-items
Proxy:			<none>
Request params:	<none>
Query params:	<none>
Form params:	<none>
Path params:	<none>
Headers:		Authorization=Basic YUBhLmNvbToxMjM0
				Accept=*/*
				Content-Type=application/json
Cookies:		<none>
Multiparts:		<none>
Body:			<none>
HTTP/1.1 200 
Vary: Origin
Vary: Access-Control-Request-Method
Vary: Access-Control-Request-Headers
Content-Type: application/json
Transfer-Encoding: chunked
Date: Sat, 03 Jun 2023 10:14:40 GMT
Keep-Alive: timeout=60
Connection: keep-alive

[
    {
        "id": 1,
        "quantity": 2,
        "product": {
            "id": 1,
            "name": "치킨",
            "price": 10000,
            "imageUrl": "https://images.unsplash.com/photo-1626082927389-6cd097cdc6ec?ixlib=rb-4.0.3&ixid=MnwxMjA3fDB8MHxwaG90by1wYWdlfHx8fGVufDB8fHx8&auto=format&fit=crop&w=2370&q=80"
        }
    },
    {
        "id": 2,
        "quantity": 4,
        "product": {
            "id": 2,
            "name": "샐러드",
            "price": 20000,
            "imageUrl": "https://images.unsplash.com/photo-1512621776951-a57141f2eefd?ixlib=rb-4.0.3&ixid=MnwxMjA3fDB8MHxwaG90by1wYWdlfHx8fGVufDB8fHx8&auto=format&fit=crop&w=2370&q=80"
        }
    },
    {
        "id": 4,
        "quantity": 1,
        "product": {
            "id": 4,
            "name": "치킨",
            "price": 10000,
            "imageUrl": "http://example.com/chicken.jpg"
        }
    },
    {
        "id": 5,
        "quantity": 1,
        "product": {
            "id": 5,
            "name": "피자",
            "price": 15000,
            "imageUrl": "http://example.com/pizza.jpg"
        }
    }
]
2023-06-03 19:14:41.416  INFO 202 --- [    Test worker] o.apache.catalina.core.StandardService   : Stopping service [Tomcat]
2023-06-03 19:14:41.416  INFO 202 --- [    Test worker] o.a.c.c.C.[Tomcat].[localhost].[/]       : Destroying Spring FrameworkServlet 'dispatcherServlet'
2023-06-03 19:14:41.419  INFO 202 --- [    Test worker] com.zaxxer.hikari.HikariDataSource       : HikariPool-10 - Shutdown initiated...
2023-06-03 19:14:41.419  INFO 202 --- [    Test worker] com.zaxxer.hikari.HikariDataSource       : HikariPool-10 - Shutdown completed.

  .   ____          _            __ _ _
 /\\ / ___'_ __ _ _(_)_ __  __ _ \ \ \ \
( ( )\___ | '_ | '_| | '_ \/ _` | \ \ \ \
 \\/  ___)| |_)| | | | | || (_| |  ) ) ) )
  '  |____| .__|_| |_|_| |_\__, | / / / /
 =========|_|==============|___/=/_/_/_/
 :: Spring Boot ::                (v2.7.9)

2023-06-03 19:14:41.428  INFO 202 --- [    Test worker] c.integration.CartItemIntegrationTest    : Starting CartItemIntegrationTest using Java 11.0.17 on shinDui-MacBookPro.local with PID 202 (started by shin in /Users/shin/Desktop/aws/bapo-test)
2023-06-03 19:14:41.429  INFO 202 --- [    Test worker] c.integration.CartItemIntegrationTest    : No active profile set, falling back to 1 default profile: "default"
2023-06-03 19:14:41.533  INFO 202 --- [    Test worker] o.s.b.w.embedded.tomcat.TomcatWebServer  : Tomcat initialized with port(s): 0 (http)
2023-06-03 19:14:41.534  INFO 202 --- [    Test worker] o.apache.catalina.core.StandardService   : Starting service [Tomcat]
2023-06-03 19:14:41.534  INFO 202 --- [    Test worker] org.apache.catalina.core.StandardEngine  : Starting Servlet engine: [Apache Tomcat/9.0.71]
2023-06-03 19:14:41.541  INFO 202 --- [    Test worker] o.a.c.c.C.[Tomcat].[localhost].[/]       : Initializing Spring embedded WebApplicationContext
2023-06-03 19:14:41.541  INFO 202 --- [    Test worker] w.s.c.ServletWebServerApplicationContext : Root WebApplicationContext: initialization completed in 112 ms
2023-06-03 19:14:41.567  INFO 202 --- [    Test worker] com.zaxxer.hikari.HikariDataSource       : HikariPool-11 - Starting...
2023-06-03 19:14:41.568  INFO 202 --- [    Test worker] com.zaxxer.hikari.HikariDataSource       : HikariPool-11 - Start completed.
2023-06-03 19:14:41.690  INFO 202 --- [    Test worker] o.s.b.w.embedded.tomcat.TomcatWebServer  : Tomcat started on port(s): 63735 (http) with context path ''
2023-06-03 19:14:41.692  INFO 202 --- [    Test worker] c.integration.CartItemIntegrationTest    : Started CartItemIntegrationTest in 0.271 seconds (JVM running for 7.244)
2023-06-03 19:14:41.699  INFO 202 --- [-auto-11-exec-1] o.a.c.c.C.[Tomcat].[localhost].[/]       : Initializing Spring DispatcherServlet 'dispatcherServlet'
2023-06-03 19:14:41.699  INFO 202 --- [-auto-11-exec-1] o.s.web.servlet.DispatcherServlet        : Initializing Servlet 'dispatcherServlet'
2023-06-03 19:14:41.700  INFO 202 --- [-auto-11-exec-1] o.s.web.servlet.DispatcherServlet        : Completed initialization in 1 ms
Request method:	POST
Request URI:	http://localhost:63735/cart-items
Proxy:			<none>
Request params:	<none>
Query params:	<none>
Form params:	<none>
Path params:	<none>
Headers:		Authorization=Basic YUBhLmNvbToxMjM0
				Accept=*/*
				Content-Type=application/json
Cookies:		<none>
Multiparts:		<none>
Body:
{
    "productId": 4
}
HTTP/1.1 201 
Vary: Origin
Vary: Access-Control-Request-Method
Vary: Access-Control-Request-Headers
Location: /cart-items/4
Content-Length: 0
Date: Sat, 03 Jun 2023 10:14:41 GMT
Keep-Alive: timeout=60
Connection: keep-alive
Request method:	PATCH
Request URI:	http://localhost:63735/cart-items/4
Proxy:			<none>
Request params:	<none>
Query params:	<none>
Form params:	<none>
Path params:	<none>
Headers:		Authorization=Basic YUBhLmNvbToxMjM0
				Accept=*/*
				Content-Type=application/json
Cookies:		<none>
Multiparts:		<none>
Body:
{
    "quantity": 0
}
HTTP/1.1 200 
Vary: Origin
Vary: Access-Control-Request-Method
Vary: Access-Control-Request-Headers
Content-Length: 0
Date: Sat, 03 Jun 2023 10:14:41 GMT
Keep-Alive: timeout=60
Connection: keep-alive
Request method:	GET
Request URI:	http://localhost:63735/cart-items
Proxy:			<none>
Request params:	<none>
Query params:	<none>
Form params:	<none>
Path params:	<none>
Headers:		Authorization=Basic YUBhLmNvbToxMjM0
				Accept=*/*
				Content-Type=application/json
Cookies:		<none>
Multiparts:		<none>
Body:			<none>
HTTP/1.1 200 
Vary: Origin
Vary: Access-Control-Request-Method
Vary: Access-Control-Request-Headers
Content-Type: application/json
Transfer-Encoding: chunked
Date: Sat, 03 Jun 2023 10:14:41 GMT
Keep-Alive: timeout=60
Connection: keep-alive

[
    {
        "id": 1,
        "quantity": 2,
        "product": {
            "id": 1,
            "name": "치킨",
            "price": 10000,
            "imageUrl": "https://images.unsplash.com/photo-1626082927389-6cd097cdc6ec?ixlib=rb-4.0.3&ixid=MnwxMjA3fDB8MHxwaG90by1wYWdlfHx8fGVufDB8fHx8&auto=format&fit=crop&w=2370&q=80"
        }
    },
    {
        "id": 2,
        "quantity": 4,
        "product": {
            "id": 2,
            "name": "샐러드",
            "price": 20000,
            "imageUrl": "https://images.unsplash.com/photo-1512621776951-a57141f2eefd?ixlib=rb-4.0.3&ixid=MnwxMjA3fDB8MHxwaG90by1wYWdlfHx8fGVufDB8fHx8&auto=format&fit=crop&w=2370&q=80"
        }
    }
]
]]></system-out>
  <system-err><![CDATA[]]></system-err>
</testsuite>
