<?xml version="1.0" encoding="UTF-8"?>
<testsuite name="JdbcOrderRepository 은(는)" tests="2" skipped="0" failures="0" errors="0" timestamp="2023-05-26T13:28:31" hostname="shinDui-MacBookPro.local" time="0.112">
  <properties/>
  <testcase name="특정 회원의 주문을 조회한다" classname="cart.order.infrastructure.persistence.repository.JdbcOrderRepositoryTest" time="0.108"/>
  <testcase name="주문을 저장한다" classname="cart.order.infrastructure.persistence.repository.JdbcOrderRepositoryTest" time="0.003"/>
  <system-out><![CDATA[]]></system-out>
  <system-err><![CDATA[]]></system-err>
</testsuite>
