<?xml version="1.0" encoding="UTF-8"?>
<testsuite name="OrderItem 은(는)" tests="2" skipped="0" failures="0" errors="0" timestamp="2023-06-03T10:14:36" hostname="shinDui-MacBookPro.local" time="0.002">
  <properties/>
  <testcase name="주문 상품의 가격은 상품 단일 가격과 수량의 곱과 같다" classname="cart.order.domain.OrderItemTest" time="0.001"/>
  <testcase name="수량은 양수여야 한다" classname="cart.order.domain.OrderItemTest" time="0.001"/>
  <system-out><![CDATA[]]></system-out>
  <system-err><![CDATA[]]></system-err>
</testsuite>
